2018-04-23 18:15:08.780 +03:00 [Debug] START WEB SERVER
2018-04-23 18:15:11.272 +03:00 [Information] Entity Framework Core "2.0.2-rtm-10011" initialized '"ApplicationContext"' using provider '"Microsoft.EntityFrameworkCore.SqlServer"' with options: "None"
2018-04-23 18:15:44.370 +03:00 [Information] Executed DbCommand ("206"ms) [Parameters=["@__normalizedName_0='?' (Size = 256)"], CommandType='Text', CommandTimeout='30']"
""SELECT TOP(1) [r].[Id], [r].[ConcurrencyStamp], [r].[Name], [r].[NormalizedName]
FROM [AspNetRoles] AS [r]
WHERE [r].[NormalizedName] = @__normalizedName_0"
2018-04-23 18:15:44.942 +03:00 [Information] Executed DbCommand ("376"ms) [Parameters=["@__normalizedName_0='?' (Size = 256)"], CommandType='Text', CommandTimeout='30']"
""SELECT TOP(1) [r].[Id], [r].[ConcurrencyStamp], [r].[Name], [r].[NormalizedName]
FROM [AspNetRoles] AS [r]
WHERE [r].[NormalizedName] = @__normalizedName_0"
2018-04-23 18:15:45.057 +03:00 [Information] Executed DbCommand ("74"ms) [Parameters=["@__normalizedName_0='?' (Size = 256)"], CommandType='Text', CommandTimeout='30']"
""SELECT TOP(1) [r].[Id], [r].[ConcurrencyStamp], [r].[Name], [r].[NormalizedName]
FROM [AspNetRoles] AS [r]
WHERE [r].[NormalizedName] = @__normalizedName_0"
2018-04-23 18:15:45.210 +03:00 [Information] Executed DbCommand ("107"ms) [Parameters=["@__normalizedUserName_0='?' (Size = 256)"], CommandType='Text', CommandTimeout='30']"
""SELECT TOP(1) [u].[Id], [u].[About], [u].[AccessFailedCount], [u].[Company], [u].[ConcurrencyStamp], [u].[DateOfBirth], [u].[Email], [u].[EmailConfirmed], [u].[FirstName], [u].[LastName], [u].[LockoutEnabled], [u].[LockoutEnd], [u].[NickName], [u].[NormalizedEmail], [u].[NormalizedUserName], [u].[PasswordHash], [u].[PhoneNumber], [u].[PhoneNumberConfirmed], [u].[Position], [u].[SecurityStamp], [u].[TwoFactorEnabled], [u].[UserName]
FROM [AspNetUsers] AS [u]
WHERE [u].[NormalizedUserName] = @__normalizedUserName_0"
2018-04-23 18:15:45.351 +03:00 [Information] Executed DbCommand ("78"ms) [Parameters=["@__normalizedUserName_0='?' (Size = 256)"], CommandType='Text', CommandTimeout='30']"
""SELECT TOP(1) [u].[Id], [u].[About], [u].[AccessFailedCount], [u].[Company], [u].[ConcurrencyStamp], [u].[DateOfBirth], [u].[Email], [u].[EmailConfirmed], [u].[FirstName], [u].[LastName], [u].[LockoutEnabled], [u].[LockoutEnd], [u].[NickName], [u].[NormalizedEmail], [u].[NormalizedUserName], [u].[PasswordHash], [u].[PhoneNumber], [u].[PhoneNumberConfirmed], [u].[Position], [u].[SecurityStamp], [u].[TwoFactorEnabled], [u].[UserName]
FROM [AspNetUsers] AS [u]
WHERE [u].[NormalizedUserName] = @__normalizedUserName_0"
2018-04-23 18:15:45.424 +03:00 [Information] Executed DbCommand ("64"ms) [Parameters=["@__normalizedUserName_0='?' (Size = 256)"], CommandType='Text', CommandTimeout='30']"
""SELECT TOP(1) [u].[Id], [u].[About], [u].[AccessFailedCount], [u].[Company], [u].[ConcurrencyStamp], [u].[DateOfBirth], [u].[Email], [u].[EmailConfirmed], [u].[FirstName], [u].[LastName], [u].[LockoutEnabled], [u].[LockoutEnd], [u].[NickName], [u].[NormalizedEmail], [u].[NormalizedUserName], [u].[PasswordHash], [u].[PhoneNumber], [u].[PhoneNumberConfirmed], [u].[Position], [u].[SecurityStamp], [u].[TwoFactorEnabled], [u].[UserName]
FROM [AspNetUsers] AS [u]
WHERE [u].[NormalizedUserName] = @__normalizedUserName_0"
2018-04-23 18:15:45.502 +03:00 [Information] Executed DbCommand ("65"ms) [Parameters=["@__normalizedUserName_0='?' (Size = 256)"], CommandType='Text', CommandTimeout='30']"
""SELECT TOP(1) [u].[Id], [u].[About], [u].[AccessFailedCount], [u].[Company], [u].[ConcurrencyStamp], [u].[DateOfBirth], [u].[Email], [u].[EmailConfirmed], [u].[FirstName], [u].[LastName], [u].[LockoutEnabled], [u].[LockoutEnd], [u].[NickName], [u].[NormalizedEmail], [u].[NormalizedUserName], [u].[PasswordHash], [u].[PhoneNumber], [u].[PhoneNumberConfirmed], [u].[Position], [u].[SecurityStamp], [u].[TwoFactorEnabled], [u].[UserName]
FROM [AspNetUsers] AS [u]
WHERE [u].[NormalizedUserName] = @__normalizedUserName_0"
2018-04-23 18:15:47.203 +03:00 [Information] Request starting HTTP/1.1 GET http://localhost:63433/  
2018-04-23 18:15:48.761 +03:00 [Information] Executing action method "ETT.Web.Controllers.HomeController.Index (ETT.Web)" with arguments (null) - ModelState is Valid
2018-04-23 18:15:59.823 +03:00 [Information] Executing ViewResult, running view at path "/Views/Home/Index.cshtml".
2018-04-23 18:16:02.011 +03:00 [Information] Executed action "ETT.Web.Controllers.HomeController.Index (ETT.Web)" in 13662.223ms
2018-04-23 18:16:02.038 +03:00 [Information] Request finished in 14873.548ms 200 text/html; charset=utf-8
2018-04-23 18:16:02.213 +03:00 [Information] Request starting HTTP/1.1 GET http://localhost:63433/lib/materialize/dist/css/materialize.css  
2018-04-23 18:16:02.215 +03:00 [Information] Request starting HTTP/1.1 GET http://localhost:63433/css/materialize.fix.css  
2018-04-23 18:16:02.261 +03:00 [Information] The file "/lib/materialize/dist/css/materialize.css" was not modified
2018-04-23 18:16:02.291 +03:00 [Information] The file "/css/materialize.fix.css" was not modified
2018-04-23 18:16:02.321 +03:00 [Information] Request finished in 134.0048ms 304 text/css
2018-04-23 18:16:02.344 +03:00 [Information] Request finished in 116.1453ms 304 text/css
2018-04-23 18:16:02.350 +03:00 [Information] Request starting HTTP/1.1 GET http://localhost:63433/css/site.css  
2018-04-23 18:16:02.372 +03:00 [Information] The file "/css/site.css" was not modified
2018-04-23 18:16:02.390 +03:00 [Information] Request finished in 43.9377ms 304 text/css
2018-04-23 18:16:02.402 +03:00 [Information] Request starting HTTP/1.1 GET http://localhost:63433/lib/jquery/dist/jquery.js  
2018-04-23 18:16:02.417 +03:00 [Information] The file "/lib/jquery/dist/jquery.js" was not modified
2018-04-23 18:16:02.434 +03:00 [Information] Request finished in 57.5552ms 304 application/javascript
2018-04-23 18:16:02.501 +03:00 [Information] Request starting HTTP/1.1 GET http://localhost:63433/js/site.js?v=2sW_k76-IWNQZNRdJmHRFS8rp71HE7-u_x93NcoLh5o  
2018-04-23 18:16:02.513 +03:00 [Information] The file "/js/site.js" was not modified
2018-04-23 18:16:02.542 +03:00 [Information] Request finished in 24.8122ms 304 application/javascript
2018-04-23 18:16:02.564 +03:00 [Information] Request starting HTTP/1.1 GET http://localhost:63433/img/fon.jpg  
2018-04-23 18:16:02.576 +03:00 [Information] The file "/img/fon.jpg" was not modified
2018-04-23 18:16:02.601 +03:00 [Information] Request finished in 26.0517ms 304 image/jpeg
2018-04-23 18:16:02.727 +03:00 [Information] Request starting HTTP/1.1 GET http://localhost:63433/js/functions.js?v=dXQyEwEL4ksQUKc1QbgMspTYkqytGFQWgnFM0wZsftA  
2018-04-23 18:16:02.825 +03:00 [Information] The file "/js/functions.js" was not modified
2018-04-23 18:16:03.084 +03:00 [Information] Request finished in 298.4143ms 304 application/javascript
2018-04-23 18:16:03.110 +03:00 [Information] Request starting HTTP/1.1 GET http://localhost:63433/lib/materialize/dist/fonts/roboto/Roboto-Regular.woff2  
2018-04-23 18:16:03.122 +03:00 [Information] Request starting HTTP/1.1 GET http://localhost:63433/lib/materialize/dist/js/materialize.js  
2018-04-23 18:16:03.156 +03:00 [Information] The file "/lib/materialize/dist/js/materialize.js" was not modified
2018-04-23 18:16:03.189 +03:00 [Information] Request finished in 16.9725ms 404 
2018-04-23 18:16:03.212 +03:00 [Information] Request finished in 459.624ms 304 application/javascript
2018-04-23 18:16:03.252 +03:00 [Information] Request starting HTTP/1.1 GET http://localhost:63433/lib/materialize/dist/fonts/roboto/Roboto-Regular.woff  
2018-04-23 18:16:03.475 +03:00 [Information] Request finished in 51.3958ms 404 
2018-04-23 18:16:06.044 +03:00 [Information] Request starting HTTP/1.1 GET http://localhost:63433/Account/Login  
2018-04-23 18:16:06.390 +03:00 [Information] Executing action method "ETT.Web.Controllers.AccountController.Login (ETT.Web)" with arguments ([""]) - ModelState is Valid
2018-04-23 18:16:08.396 +03:00 [Information] Executing ViewResult, running view at path "/Views/Account/Login.cshtml".
2018-04-23 18:16:09.246 +03:00 [Information] Executed action "ETT.Web.Controllers.AccountController.Login (ETT.Web)" in 2608.6344ms
2018-04-23 18:16:09.485 +03:00 [Information] Request finished in 3303.158ms 200 text/html; charset=utf-8
2018-04-23 18:16:09.753 +03:00 [Information] Request starting HTTP/1.1 GET http://localhost:63433/lib/materialize/dist/fonts/roboto/Roboto-Regular.woff2  
2018-04-23 18:16:09.798 +03:00 [Information] Request finished in 515.5425ms 404 
2018-04-23 18:16:09.820 +03:00 [Information] Request starting HTTP/1.1 GET http://localhost:63433/lib/materialize/dist/fonts/roboto/Roboto-Regular.woff  
2018-04-23 18:16:09.869 +03:00 [Information] Request finished in 33.2061ms 404 
2018-04-23 18:16:15.383 +03:00 [Information] Request starting HTTP/1.1 POST http://localhost:63433/Account/Login application/x-www-form-urlencoded 223
2018-04-23 18:16:15.899 +03:00 [Information] Executing action method "ETT.Web.Controllers.AccountController.Login (ETT.Web)" with arguments (["ETT.Web.Models.Users.LoginViewModel"]) - ModelState is Valid
2018-04-23 18:16:15.968 +03:00 [Information] Entity Framework Core "2.0.2-rtm-10011" initialized '"ApplicationContext"' using provider '"Microsoft.EntityFrameworkCore.SqlServer"' with options: "None"
2018-04-23 18:16:16.153 +03:00 [Information] Executed DbCommand ("173"ms) [Parameters=["@__normalizedUserName_0='?' (Size = 256)"], CommandType='Text', CommandTimeout='30']"
""SELECT TOP(1) [u].[Id], [u].[About], [u].[AccessFailedCount], [u].[Company], [u].[ConcurrencyStamp], [u].[DateOfBirth], [u].[Email], [u].[EmailConfirmed], [u].[FirstName], [u].[LastName], [u].[LockoutEnabled], [u].[LockoutEnd], [u].[NickName], [u].[NormalizedEmail], [u].[NormalizedUserName], [u].[PasswordHash], [u].[PhoneNumber], [u].[PhoneNumberConfirmed], [u].[Position], [u].[SecurityStamp], [u].[TwoFactorEnabled], [u].[UserName]
FROM [AspNetUsers] AS [u]
WHERE [u].[NormalizedUserName] = @__normalizedUserName_0"
2018-04-23 18:16:16.697 +03:00 [Information] Executed DbCommand ("159"ms) [Parameters=["@__user_Id_0='?'"], CommandType='Text', CommandTimeout='30']"
""SELECT [uc].[Id], [uc].[ClaimType], [uc].[ClaimValue], [uc].[UserId]
FROM [AspNetUserClaims] AS [uc]
WHERE [uc].[UserId] = @__user_Id_0"
2018-04-23 18:16:16.979 +03:00 [Information] Executed DbCommand ("131"ms) [Parameters=["@__userId_0='?'"], CommandType='Text', CommandTimeout='30']"
""SELECT [role].[Name]
FROM [AspNetUserRoles] AS [userRole]
INNER JOIN [AspNetRoles] AS [role] ON [userRole].[RoleId] = [role].[Id]
WHERE [userRole].[UserId] = @__userId_0"
2018-04-23 18:16:17.017 +03:00 [Information] AuthenticationScheme: "Identity.Application" signed in.
2018-04-23 18:16:17.038 +03:00 [Information] Executing RedirectResult, redirecting to "/".
2018-04-23 18:16:17.046 +03:00 [Information] Executed action "ETT.Web.Controllers.AccountController.Login (ETT.Web)" in 1604.6992ms
2018-04-23 18:16:17.080 +03:00 [Information] Request finished in 1692.1665ms 302 
2018-04-23 18:16:17.112 +03:00 [Information] Request starting HTTP/1.1 GET http://localhost:63433/  
2018-04-23 18:16:17.129 +03:00 [Information] AuthenticationScheme: "Identity.Application" was successfully authenticated.
2018-04-23 18:16:17.191 +03:00 [Information] Executing action method "ETT.Web.Controllers.HomeController.Index (ETT.Web)" with arguments (null) - ModelState is Valid
2018-04-23 18:16:17.209 +03:00 [Information] Executing ViewResult, running view at path "/Views/Home/Index.cshtml".
2018-04-23 18:16:17.491 +03:00 [Information] Executed action "ETT.Web.Controllers.HomeController.Index (ETT.Web)" in 102.7693ms
2018-04-23 18:16:17.826 +03:00 [Information] Request finished in 421.8735ms 200 text/html; charset=utf-8
2018-04-23 18:16:17.998 +03:00 [Information] Request starting HTTP/1.1 GET http://localhost:63433/lib/materialize/dist/fonts/roboto/Roboto-Regular.woff2  
2018-04-23 18:16:18.115 +03:00 [Information] AuthenticationScheme: "Identity.Application" was successfully authenticated.
2018-04-23 18:16:18.205 +03:00 [Information] Request finished in 736.0632ms 404 
2018-04-23 18:16:18.220 +03:00 [Information] Request starting HTTP/1.1 GET http://localhost:63433/lib/materialize/dist/fonts/roboto/Roboto-Regular.woff  
2018-04-23 18:16:18.235 +03:00 [Information] AuthenticationScheme: "Identity.Application" was successfully authenticated.
2018-04-23 18:16:18.284 +03:00 [Information] Request finished in 49.4252ms 404 
2018-04-23 18:16:20.944 +03:00 [Information] Request starting HTTP/1.1 GET http://localhost:63433/Report/CreateReport  
2018-04-23 18:16:20.960 +03:00 [Information] AuthenticationScheme: "Identity.Application" was successfully authenticated.
2018-04-23 18:16:21.118 +03:00 [Information] Executing action method "ETT.Web.Controllers.ReportController.CreateReport (ETT.Web)" with arguments (null) - ModelState is Valid
2018-04-23 18:16:25.481 +03:00 [Information] Executing ViewResult, running view at path "/Views/Report/CreateReport.cshtml".
2018-04-23 18:16:25.799 +03:00 [Information] Executed action "ETT.Web.Controllers.ReportController.CreateReport (ETT.Web)" in 4817.2359ms
2018-04-23 18:16:26.179 +03:00 [Information] Request finished in 4929.1302ms 200 text/html; charset=utf-8
2018-04-23 18:16:26.540 +03:00 [Information] Request starting HTTP/1.1 GET http://localhost:63433/lib/materialize/dist/fonts/roboto/Roboto-Regular.woff2  
2018-04-23 18:16:26.631 +03:00 [Information] AuthenticationScheme: "Identity.Application" was successfully authenticated.
2018-04-23 18:16:26.971 +03:00 [Information] Request finished in 463.6033ms 404 
2018-04-23 18:16:26.990 +03:00 [Information] Request starting HTTP/1.1 GET http://localhost:63433/lib/materialize/dist/fonts/roboto/Roboto-Regular.woff  
2018-04-23 18:16:27.018 +03:00 [Information] AuthenticationScheme: "Identity.Application" was successfully authenticated.
2018-04-23 18:16:27.062 +03:00 [Information] Request finished in 195.1934ms 404 
2018-04-23 18:16:28.869 +03:00 [Information] Request starting HTTP/1.1 GET http://localhost:63433/Report/GetTaskUserList/2  
2018-04-23 18:16:28.995 +03:00 [Information] AuthenticationScheme: "Identity.Application" was successfully authenticated.
2018-04-23 18:16:29.054 +03:00 [Information] Executing action method "ETT.Web.Controllers.ReportController.GetTaskUserList (ETT.Web)" with arguments (["2"]) - ModelState is Valid
2018-04-23 18:16:29.728 +03:00 [Information] Request starting HTTP/1.1 GET http://localhost:63433/Report/GetSearchList?&projId=2&taskId=&userId=  
2018-04-23 18:16:29.836 +03:00 [Information] AuthenticationScheme: "Identity.Application" was successfully authenticated.
2018-04-23 18:16:30.005 +03:00 [Information] Executing action method "ETT.Web.Controllers.ReportController.GetSearchList (ETT.Web)" with arguments (["2", "", ""]) - ModelState is Valid
2018-04-23 18:16:30.754 +03:00 [Information] Executing ViewResult, running view at path "/Views/Report/GetTaskUserList.cshtml".
2018-04-23 18:16:31.390 +03:00 [Information] Executed action "ETT.Web.Controllers.ReportController.GetTaskUserList (ETT.Web)" in 1789.8855ms
2018-04-23 18:16:31.943 +03:00 [Information] Request finished in 2539.7148ms 200 text/html; charset=utf-8
2018-04-23 18:16:32.955 +03:00 [Information] Executing ViewResult, running view at path "/Views/Report/GetSearchList.cshtml".
2018-04-23 18:16:33.027 +03:00 [Information] Executed action "ETT.Web.Controllers.ReportController.GetSearchList (ETT.Web)" in 3163.0269ms
2018-04-23 18:16:33.165 +03:00 [Information] Request finished in 3578.5382ms 200 text/html; charset=utf-8
2018-04-23 18:16:37.086 +03:00 [Information] Request starting HTTP/1.1 POST http://localhost:63433/ReportPDF/ExcelReprot application/x-www-form-urlencoded 1432
2018-04-23 18:16:37.098 +03:00 [Information] AuthenticationScheme: "Identity.Application" was successfully authenticated.
2018-04-23 18:16:37.180 +03:00 [Information] Request finished in 32.6959ms 404 
2018-04-23 18:17:00.140 +03:00 [Information] Request starting HTTP/1.1 GET http://localhost:63433/Report/CreateReport  
2018-04-23 18:17:00.156 +03:00 [Information] AuthenticationScheme: "Identity.Application" was successfully authenticated.
2018-04-23 18:17:00.270 +03:00 [Information] Executing action method "ETT.Web.Controllers.ReportController.CreateReport (ETT.Web)" with arguments (null) - ModelState is Valid
2018-04-23 18:17:01.172 +03:00 [Information] Executing ViewResult, running view at path "/Views/Report/CreateReport.cshtml".
2018-04-23 18:17:01.646 +03:00 [Information] Executed action "ETT.Web.Controllers.ReportController.CreateReport (ETT.Web)" in 1070.8932ms
2018-04-23 18:17:02.517 +03:00 [Information] Request starting HTTP/1.1 GET http://localhost:63433/css/materialize.fix.css  
2018-04-23 18:17:02.556 +03:00 [Information] Request finished in 1546.1616ms 200 text/html; charset=utf-8
2018-04-23 18:17:02.572 +03:00 [Information] Request starting HTTP/1.1 GET http://localhost:63433/lib/jquery/dist/jquery.js  
2018-04-23 18:17:02.591 +03:00 [Information] Request starting HTTP/1.1 GET http://localhost:63433/css/site.css  
2018-04-23 18:17:02.600 +03:00 [Information] Request starting HTTP/1.1 GET http://localhost:63433/lib/materialize/dist/css/materialize.css  
2018-04-23 18:17:02.624 +03:00 [Information] Sending file. Request path: '"/css/materialize.fix.css"'. Physical path: '"D:\EpolSoft\ETT\ett\TimeCardsApp\ETT.Client\wwwroot\css\materialize.fix.css"'
2018-04-23 18:17:02.706 +03:00 [Information] Request starting HTTP/1.1 GET http://localhost:63433/lib/materialize/dist/js/materialize.js  
2018-04-23 18:17:02.781 +03:00 [Information] Sending file. Request path: '"/lib/jquery/dist/jquery.js"'. Physical path: '"D:\EpolSoft\ETT\ett\TimeCardsApp\ETT.Client\wwwroot\lib\jquery\dist\jquery.js"'
2018-04-23 18:17:02.924 +03:00 [Information] Sending file. Request path: '"/css/site.css"'. Physical path: '"D:\EpolSoft\ETT\ett\TimeCardsApp\ETT.Client\wwwroot\css\site.css"'
2018-04-23 18:17:02.951 +03:00 [Information] Request starting HTTP/1.1 GET http://localhost:63433/js/functions.js?v=dXQyEwEL4ksQUKc1QbgMspTYkqytGFQWgnFM0wZsftA  
2018-04-23 18:17:02.957 +03:00 [Information] Sending file. Request path: '"/lib/materialize/dist/css/materialize.css"'. Physical path: '"D:\EpolSoft\ETT\ett\TimeCardsApp\ETT.Client\wwwroot\lib\materialize\dist\css\materialize.css"'
2018-04-23 18:17:02.978 +03:00 [Information] Sending file. Request path: '"/lib/materialize/dist/js/materialize.js"'. Physical path: '"D:\EpolSoft\ETT\ett\TimeCardsApp\ETT.Client\wwwroot\lib\materialize\dist\js\materialize.js"'
2018-04-23 18:17:03.287 +03:00 [Information] Request finished in 486.3731ms 200 text/css
2018-04-23 18:17:03.325 +03:00 [Information] Request finished in 1330.7384ms 200 text/css
2018-04-23 18:17:03.393 +03:00 [Information] Sending file. Request path: '"/js/functions.js"'. Physical path: '"D:\EpolSoft\ETT\ett\TimeCardsApp\ETT.Client\wwwroot\js\functions.js"'
2018-04-23 18:17:03.421 +03:00 [Information] Request finished in 1574.3174ms 200 text/css
2018-04-23 18:17:03.470 +03:00 [Information] Request starting HTTP/1.1 GET http://localhost:63433/js/site.js?v=2sW_k76-IWNQZNRdJmHRFS8rp71HE7-u_x93NcoLh5o  
2018-04-23 18:17:03.536 +03:00 [Information] Request starting HTTP/1.1 GET http://localhost:63433/lib/materialize/dist/fonts/roboto/Roboto-Regular.woff2  
2018-04-23 18:17:03.657 +03:00 [Information] Request finished in 838.1654ms 200 application/javascript
2018-04-23 18:17:03.692 +03:00 [Information] Sending file. Request path: '"/js/site.js"'. Physical path: '"D:\EpolSoft\ETT\ett\TimeCardsApp\ETT.Client\wwwroot\js\site.js"'
2018-04-23 18:17:03.759 +03:00 [Information] AuthenticationScheme: "Identity.Application" was successfully authenticated.
2018-04-23 18:17:04.006 +03:00 [Information] Request finished in 448.5537ms 404 
2018-04-23 18:17:04.040 +03:00 [Information] Request starting HTTP/1.1 GET http://localhost:63433/lib/materialize/dist/fonts/roboto/Roboto-Regular.woff  
2018-04-23 18:17:04.057 +03:00 [Information] Request finished in 299.4775ms 200 application/javascript
2018-04-23 18:17:04.142 +03:00 [Information] AuthenticationScheme: "Identity.Application" was successfully authenticated.
2018-04-23 18:17:04.418 +03:00 [Information] Request finished in 1613.916ms 200 application/javascript
2018-04-23 18:17:04.433 +03:00 [Information] Request finished in 214.4988ms 404 
2018-04-23 18:17:05.000 +03:00 [Information] Request finished in 1959.317ms 200 application/javascript
2018-04-23 18:17:05.022 +03:00 [Information] Request starting HTTP/1.1 GET http://localhost:63433/favicon.ico  
2018-04-23 18:17:05.040 +03:00 [Information] Sending file. Request path: '"/favicon.ico"'. Physical path: '"D:\EpolSoft\ETT\ett\TimeCardsApp\ETT.Client\wwwroot\favicon.ico"'
2018-04-23 18:17:05.110 +03:00 [Information] Request finished in 119.3089ms 200 image/x-icon
2018-04-23 18:17:07.080 +03:00 [Information] Request starting HTTP/1.1 GET http://localhost:63433/Report/GetTaskUserList/2  
2018-04-23 18:17:07.125 +03:00 [Information] AuthenticationScheme: "Identity.Application" was successfully authenticated.
2018-04-23 18:17:07.306 +03:00 [Information] Executing action method "ETT.Web.Controllers.ReportController.GetTaskUserList (ETT.Web)" with arguments (["2"]) - ModelState is Valid
2018-04-23 18:17:07.765 +03:00 [Information] Executing ViewResult, running view at path "/Views/Report/GetTaskUserList.cshtml".
2018-04-23 18:17:07.787 +03:00 [Information] Executed action "ETT.Web.Controllers.ReportController.GetTaskUserList (ETT.Web)" in 641.5417ms
2018-04-23 18:17:07.893 +03:00 [Information] Request finished in 796.9524ms 200 text/html; charset=utf-8
2018-04-23 18:17:08.926 +03:00 [Information] Request starting HTTP/1.1 GET http://localhost:63433/Report/GetSearchList?&projId=2&taskId=&userId=  
2018-04-23 18:17:08.941 +03:00 [Information] AuthenticationScheme: "Identity.Application" was successfully authenticated.
2018-04-23 18:17:08.989 +03:00 [Information] Executing action method "ETT.Web.Controllers.ReportController.GetSearchList (ETT.Web)" with arguments (["2", "", ""]) - ModelState is Valid
2018-04-23 18:17:10.174 +03:00 [Information] Executing ViewResult, running view at path "/Views/Report/GetSearchList.cshtml".
2018-04-23 18:17:10.231 +03:00 [Information] Executed action "ETT.Web.Controllers.ReportController.GetSearchList (ETT.Web)" in 1260.7634ms
2018-04-23 18:17:10.363 +03:00 [Information] Request finished in 1320.1674ms 200 text/html; charset=utf-8
2018-04-23 18:17:11.539 +03:00 [Information] Request starting HTTP/1.1 POST http://localhost:63433/ReportPDF/ExcelReport application/x-www-form-urlencoded 1432
2018-04-23 18:17:11.558 +03:00 [Information] AuthenticationScheme: "Identity.Application" was successfully authenticated.
2018-04-23 18:17:11.699 +03:00 [Information] Executing action method "ETT.Web.Controllers.ReportPDFController.ExcelReport (ETT.Web)" with arguments (["System.Collections.Generic.List`1[ETT.Web.Models.Report.ReportRecordsViewModel]"]) - ModelState is Valid
2018-04-23 18:17:13.632 +03:00 [Information] Executing RedirectResult, redirecting to "/Record/UserList".
2018-04-23 18:17:13.648 +03:00 [Information] Executed action "ETT.Web.Controllers.ReportPDFController.ExcelReport (ETT.Web)" in 2057.5039ms
2018-04-23 18:17:13.664 +03:00 [Information] Request finished in 2151.2122ms 301 
2018-04-23 18:17:13.698 +03:00 [Information] Request starting HTTP/1.1 GET http://localhost:63433/Record/UserList  
2018-04-23 18:17:13.706 +03:00 [Information] AuthenticationScheme: "Identity.Application" was successfully authenticated.
2018-04-23 18:17:13.776 +03:00 [Information] Executing action method "ETT.Web.Controllers.RecordController.UserList (ETT.Web)" with arguments (["IdAsc", "0"]) - ModelState is Valid
2018-04-23 18:17:14.881 +03:00 [Information] Executing ViewResult, running view at path "/Views/Record/List.cshtml".
2018-04-23 18:17:15.403 +03:00 [Information] Executed action "ETT.Web.Controllers.RecordController.UserList (ETT.Web)" in 1531.3867ms
2018-04-23 18:17:15.457 +03:00 [Information] Request finished in 1715.4144ms 200 text/html; charset=utf-8
2018-04-23 18:17:15.480 +03:00 [Information] Request starting HTTP/1.1 GET http://localhost:63433/lib/materialize/dist/fonts/roboto/Roboto-Regular.woff2  
2018-04-23 18:17:15.494 +03:00 [Information] AuthenticationScheme: "Identity.Application" was successfully authenticated.
2018-04-23 18:17:15.538 +03:00 [Information] Request finished in 50.6997ms 404 
2018-04-23 18:17:15.575 +03:00 [Information] Request starting HTTP/1.1 GET http://localhost:63433/lib/materialize/dist/fonts/roboto/Roboto-Regular.woff  
2018-04-23 18:17:15.598 +03:00 [Information] AuthenticationScheme: "Identity.Application" was successfully authenticated.
2018-04-23 18:17:15.638 +03:00 [Information] Request finished in 40.7765ms 404 
2018-04-23 18:22:29.284 +03:00 [Debug] START WEB SERVER
2018-04-23 18:22:31.111 +03:00 [Information] Entity Framework Core "2.0.2-rtm-10011" initialized '"ApplicationContext"' using provider '"Microsoft.EntityFrameworkCore.SqlServer"' with options: "None"
2018-04-23 18:22:38.704 +03:00 [Information] Executed DbCommand ("466"ms) [Parameters=["@__normalizedName_0='?' (Size = 256)"], CommandType='Text', CommandTimeout='30']"
""SELECT TOP(1) [r].[Id], [r].[ConcurrencyStamp], [r].[Name], [r].[NormalizedName]
FROM [AspNetRoles] AS [r]
WHERE [r].[NormalizedName] = @__normalizedName_0"
2018-04-23 18:22:38.945 +03:00 [Information] Executed DbCommand ("105"ms) [Parameters=["@__normalizedName_0='?' (Size = 256)"], CommandType='Text', CommandTimeout='30']"
""SELECT TOP(1) [r].[Id], [r].[ConcurrencyStamp], [r].[Name], [r].[NormalizedName]
FROM [AspNetRoles] AS [r]
WHERE [r].[NormalizedName] = @__normalizedName_0"
2018-04-23 18:22:39.125 +03:00 [Information] Executed DbCommand ("129"ms) [Parameters=["@__normalizedName_0='?' (Size = 256)"], CommandType='Text', CommandTimeout='30']"
""SELECT TOP(1) [r].[Id], [r].[ConcurrencyStamp], [r].[Name], [r].[NormalizedName]
FROM [AspNetRoles] AS [r]
WHERE [r].[NormalizedName] = @__normalizedName_0"
2018-04-23 18:22:39.274 +03:00 [Information] Executed DbCommand ("98"ms) [Parameters=["@__normalizedUserName_0='?' (Size = 256)"], CommandType='Text', CommandTimeout='30']"
""SELECT TOP(1) [u].[Id], [u].[About], [u].[AccessFailedCount], [u].[Company], [u].[ConcurrencyStamp], [u].[DateOfBirth], [u].[Email], [u].[EmailConfirmed], [u].[FirstName], [u].[LastName], [u].[LockoutEnabled], [u].[LockoutEnd], [u].[NickName], [u].[NormalizedEmail], [u].[NormalizedUserName], [u].[PasswordHash], [u].[PhoneNumber], [u].[PhoneNumberConfirmed], [u].[Position], [u].[SecurityStamp], [u].[TwoFactorEnabled], [u].[UserName]
FROM [AspNetUsers] AS [u]
WHERE [u].[NormalizedUserName] = @__normalizedUserName_0"
2018-04-23 18:22:39.394 +03:00 [Information] Executed DbCommand ("58"ms) [Parameters=["@__normalizedUserName_0='?' (Size = 256)"], CommandType='Text', CommandTimeout='30']"
""SELECT TOP(1) [u].[Id], [u].[About], [u].[AccessFailedCount], [u].[Company], [u].[ConcurrencyStamp], [u].[DateOfBirth], [u].[Email], [u].[EmailConfirmed], [u].[FirstName], [u].[LastName], [u].[LockoutEnabled], [u].[LockoutEnd], [u].[NickName], [u].[NormalizedEmail], [u].[NormalizedUserName], [u].[PasswordHash], [u].[PhoneNumber], [u].[PhoneNumberConfirmed], [u].[Position], [u].[SecurityStamp], [u].[TwoFactorEnabled], [u].[UserName]
FROM [AspNetUsers] AS [u]
WHERE [u].[NormalizedUserName] = @__normalizedUserName_0"
2018-04-23 18:22:39.491 +03:00 [Information] Executed DbCommand ("84"ms) [Parameters=["@__normalizedUserName_0='?' (Size = 256)"], CommandType='Text', CommandTimeout='30']"
""SELECT TOP(1) [u].[Id], [u].[About], [u].[AccessFailedCount], [u].[Company], [u].[ConcurrencyStamp], [u].[DateOfBirth], [u].[Email], [u].[EmailConfirmed], [u].[FirstName], [u].[LastName], [u].[LockoutEnabled], [u].[LockoutEnd], [u].[NickName], [u].[NormalizedEmail], [u].[NormalizedUserName], [u].[PasswordHash], [u].[PhoneNumber], [u].[PhoneNumberConfirmed], [u].[Position], [u].[SecurityStamp], [u].[TwoFactorEnabled], [u].[UserName]
FROM [AspNetUsers] AS [u]
WHERE [u].[NormalizedUserName] = @__normalizedUserName_0"
2018-04-23 18:22:39.612 +03:00 [Information] Executed DbCommand ("93"ms) [Parameters=["@__normalizedUserName_0='?' (Size = 256)"], CommandType='Text', CommandTimeout='30']"
""SELECT TOP(1) [u].[Id], [u].[About], [u].[AccessFailedCount], [u].[Company], [u].[ConcurrencyStamp], [u].[DateOfBirth], [u].[Email], [u].[EmailConfirmed], [u].[FirstName], [u].[LastName], [u].[LockoutEnabled], [u].[LockoutEnd], [u].[NickName], [u].[NormalizedEmail], [u].[NormalizedUserName], [u].[PasswordHash], [u].[PhoneNumber], [u].[PhoneNumberConfirmed], [u].[Position], [u].[SecurityStamp], [u].[TwoFactorEnabled], [u].[UserName]
FROM [AspNetUsers] AS [u]
WHERE [u].[NormalizedUserName] = @__normalizedUserName_0"
2018-04-23 18:22:40.331 +03:00 [Information] Request starting HTTP/1.1 GET http://localhost:63433/  
2018-04-23 18:22:41.296 +03:00 [Information] Executing action method "ETT.Web.Controllers.HomeController.Index (ETT.Web)" with arguments (null) - ModelState is Valid
2018-04-23 18:23:26.349 +03:00 [Debug] START WEB SERVER
2018-04-23 18:23:27.840 +03:00 [Information] Entity Framework Core "2.0.2-rtm-10011" initialized '"ApplicationContext"' using provider '"Microsoft.EntityFrameworkCore.SqlServer"' with options: "None"
2018-04-23 18:23:34.202 +03:00 [Information] Executed DbCommand ("355"ms) [Parameters=["@__normalizedName_0='?' (Size = 256)"], CommandType='Text', CommandTimeout='30']"
""SELECT TOP(1) [r].[Id], [r].[ConcurrencyStamp], [r].[Name], [r].[NormalizedName]
FROM [AspNetRoles] AS [r]
WHERE [r].[NormalizedName] = @__normalizedName_0"
2018-04-23 18:23:34.427 +03:00 [Information] Executed DbCommand ("118"ms) [Parameters=["@__normalizedName_0='?' (Size = 256)"], CommandType='Text', CommandTimeout='30']"
""SELECT TOP(1) [r].[Id], [r].[ConcurrencyStamp], [r].[Name], [r].[NormalizedName]
FROM [AspNetRoles] AS [r]
WHERE [r].[NormalizedName] = @__normalizedName_0"
2018-04-23 18:23:34.535 +03:00 [Information] Executed DbCommand ("74"ms) [Parameters=["@__normalizedName_0='?' (Size = 256)"], CommandType='Text', CommandTimeout='30']"
""SELECT TOP(1) [r].[Id], [r].[ConcurrencyStamp], [r].[Name], [r].[NormalizedName]
FROM [AspNetRoles] AS [r]
WHERE [r].[NormalizedName] = @__normalizedName_0"
2018-04-23 18:23:34.681 +03:00 [Information] Executed DbCommand ("103"ms) [Parameters=["@__normalizedUserName_0='?' (Size = 256)"], CommandType='Text', CommandTimeout='30']"
""SELECT TOP(1) [u].[Id], [u].[About], [u].[AccessFailedCount], [u].[Company], [u].[ConcurrencyStamp], [u].[DateOfBirth], [u].[Email], [u].[EmailConfirmed], [u].[FirstName], [u].[LastName], [u].[LockoutEnabled], [u].[LockoutEnd], [u].[NickName], [u].[NormalizedEmail], [u].[NormalizedUserName], [u].[PasswordHash], [u].[PhoneNumber], [u].[PhoneNumberConfirmed], [u].[Position], [u].[SecurityStamp], [u].[TwoFactorEnabled], [u].[UserName]
FROM [AspNetUsers] AS [u]
WHERE [u].[NormalizedUserName] = @__normalizedUserName_0"
2018-04-23 18:23:34.820 +03:00 [Information] Executed DbCommand ("75"ms) [Parameters=["@__normalizedUserName_0='?' (Size = 256)"], CommandType='Text', CommandTimeout='30']"
""SELECT TOP(1) [u].[Id], [u].[About], [u].[AccessFailedCount], [u].[Company], [u].[ConcurrencyStamp], [u].[DateOfBirth], [u].[Email], [u].[EmailConfirmed], [u].[FirstName], [u].[LastName], [u].[LockoutEnabled], [u].[LockoutEnd], [u].[NickName], [u].[NormalizedEmail], [u].[NormalizedUserName], [u].[PasswordHash], [u].[PhoneNumber], [u].[PhoneNumberConfirmed], [u].[Position], [u].[SecurityStamp], [u].[TwoFactorEnabled], [u].[UserName]
FROM [AspNetUsers] AS [u]
WHERE [u].[NormalizedUserName] = @__normalizedUserName_0"
2018-04-23 18:23:34.900 +03:00 [Information] Executed DbCommand ("63"ms) [Parameters=["@__normalizedUserName_0='?' (Size = 256)"], CommandType='Text', CommandTimeout='30']"
""SELECT TOP(1) [u].[Id], [u].[About], [u].[AccessFailedCount], [u].[Company], [u].[ConcurrencyStamp], [u].[DateOfBirth], [u].[Email], [u].[EmailConfirmed], [u].[FirstName], [u].[LastName], [u].[LockoutEnabled], [u].[LockoutEnd], [u].[NickName], [u].[NormalizedEmail], [u].[NormalizedUserName], [u].[PasswordHash], [u].[PhoneNumber], [u].[PhoneNumberConfirmed], [u].[Position], [u].[SecurityStamp], [u].[TwoFactorEnabled], [u].[UserName]
FROM [AspNetUsers] AS [u]
WHERE [u].[NormalizedUserName] = @__normalizedUserName_0"
2018-04-23 18:23:34.978 +03:00 [Information] Executed DbCommand ("64"ms) [Parameters=["@__normalizedUserName_0='?' (Size = 256)"], CommandType='Text', CommandTimeout='30']"
""SELECT TOP(1) [u].[Id], [u].[About], [u].[AccessFailedCount], [u].[Company], [u].[ConcurrencyStamp], [u].[DateOfBirth], [u].[Email], [u].[EmailConfirmed], [u].[FirstName], [u].[LastName], [u].[LockoutEnabled], [u].[LockoutEnd], [u].[NickName], [u].[NormalizedEmail], [u].[NormalizedUserName], [u].[PasswordHash], [u].[PhoneNumber], [u].[PhoneNumberConfirmed], [u].[Position], [u].[SecurityStamp], [u].[TwoFactorEnabled], [u].[UserName]
FROM [AspNetUsers] AS [u]
WHERE [u].[NormalizedUserName] = @__normalizedUserName_0"
2018-04-23 18:23:35.616 +03:00 [Information] Request starting HTTP/1.1 GET http://localhost:63433/  
2018-04-23 18:23:36.514 +03:00 [Information] Executing action method "ETT.Web.Controllers.HomeController.Index (ETT.Web)" with arguments (null) - ModelState is Valid
2018-04-23 18:23:44.198 +03:00 [Information] Executing ViewResult, running view at path "/Views/Home/Index.cshtml".
2018-04-23 18:23:45.988 +03:00 [Information] Executed action "ETT.Web.Controllers.HomeController.Index (ETT.Web)" in 9632.544ms
2018-04-23 18:23:46.130 +03:00 [Information] Request finished in 10456.653ms 200 text/html; charset=utf-8
2018-04-23 18:23:46.382 +03:00 [Information] Request starting HTTP/1.1 GET http://localhost:63433/lib/materialize/dist/fonts/roboto/Roboto-Regular.woff2  
2018-04-23 18:23:47.169 +03:00 [Information] Request finished in 396.9973ms 404 
2018-04-23 18:23:47.287 +03:00 [Information] Request starting HTTP/1.1 GET http://localhost:63433/lib/materialize/dist/fonts/roboto/Roboto-Regular.woff  
2018-04-23 18:23:47.318 +03:00 [Information] Request finished in 488.0853ms 404 
2018-04-23 18:23:59.122 +03:00 [Information] Request starting HTTP/1.1 GET http://localhost:63433/Account/Login  
2018-04-23 18:23:59.396 +03:00 [Information] Executing action method "ETT.Web.Controllers.AccountController.Login (ETT.Web)" with arguments ([""]) - ModelState is Valid
2018-04-23 18:24:00.181 +03:00 [Information] Executing ViewResult, running view at path "/Views/Account/Login.cshtml".
2018-04-23 18:24:00.372 +03:00 [Information] Executed action "ETT.Web.Controllers.AccountController.Login (ETT.Web)" in 1116.3433ms
2018-04-23 18:24:00.413 +03:00 [Information] Request finished in 1354.095ms 200 text/html; charset=utf-8
2018-04-23 18:24:00.489 +03:00 [Information] Request starting HTTP/1.1 GET http://localhost:63433/lib/materialize/dist/fonts/roboto/Roboto-Regular.woff2  
2018-04-23 18:24:00.521 +03:00 [Information] Request finished in 29.9658ms 404 
2018-04-23 18:24:00.626 +03:00 [Information] Request starting HTTP/1.1 GET http://localhost:63433/lib/materialize/dist/fonts/roboto/Roboto-Regular.woff  
2018-04-23 18:24:00.673 +03:00 [Information] Request finished in 43.1244ms 404 
2018-04-23 18:24:01.875 +03:00 [Information] Request starting HTTP/1.1 POST http://localhost:63433/Account/Login application/x-www-form-urlencoded 223
2018-04-23 18:24:02.115 +03:00 [Information] Executing action method "ETT.Web.Controllers.AccountController.Login (ETT.Web)" with arguments (["ETT.Web.Models.Users.LoginViewModel"]) - ModelState is Valid
2018-04-23 18:24:02.158 +03:00 [Information] Entity Framework Core "2.0.2-rtm-10011" initialized '"ApplicationContext"' using provider '"Microsoft.EntityFrameworkCore.SqlServer"' with options: "None"
2018-04-23 18:24:02.260 +03:00 [Information] Executed DbCommand ("88"ms) [Parameters=["@__normalizedUserName_0='?' (Size = 256)"], CommandType='Text', CommandTimeout='30']"
""SELECT TOP(1) [u].[Id], [u].[About], [u].[AccessFailedCount], [u].[Company], [u].[ConcurrencyStamp], [u].[DateOfBirth], [u].[Email], [u].[EmailConfirmed], [u].[FirstName], [u].[LastName], [u].[LockoutEnabled], [u].[LockoutEnd], [u].[NickName], [u].[NormalizedEmail], [u].[NormalizedUserName], [u].[PasswordHash], [u].[PhoneNumber], [u].[PhoneNumberConfirmed], [u].[Position], [u].[SecurityStamp], [u].[TwoFactorEnabled], [u].[UserName]
FROM [AspNetUsers] AS [u]
WHERE [u].[NormalizedUserName] = @__normalizedUserName_0"
2018-04-23 18:24:02.715 +03:00 [Information] Executed DbCommand ("179"ms) [Parameters=["@__user_Id_0='?'"], CommandType='Text', CommandTimeout='30']"
""SELECT [uc].[Id], [uc].[ClaimType], [uc].[ClaimValue], [uc].[UserId]
FROM [AspNetUserClaims] AS [uc]
WHERE [uc].[UserId] = @__user_Id_0"
2018-04-23 18:24:02.891 +03:00 [Information] Executed DbCommand ("98"ms) [Parameters=["@__userId_0='?'"], CommandType='Text', CommandTimeout='30']"
""SELECT [role].[Name]
FROM [AspNetUserRoles] AS [userRole]
INNER JOIN [AspNetRoles] AS [role] ON [userRole].[RoleId] = [role].[Id]
WHERE [userRole].[UserId] = @__userId_0"
2018-04-23 18:24:02.912 +03:00 [Information] AuthenticationScheme: "Identity.Application" signed in.
2018-04-23 18:24:02.920 +03:00 [Information] Executing RedirectResult, redirecting to "/".
2018-04-23 18:24:02.930 +03:00 [Information] Executed action "ETT.Web.Controllers.AccountController.Login (ETT.Web)" in 1007.1652ms
2018-04-23 18:24:02.952 +03:00 [Information] Request finished in 1292.6854ms 302 
2018-04-23 18:24:02.968 +03:00 [Information] Request starting HTTP/1.1 GET http://localhost:63433/  
2018-04-23 18:24:02.982 +03:00 [Information] AuthenticationScheme: "Identity.Application" was successfully authenticated.
2018-04-23 18:24:03.054 +03:00 [Information] Executing action method "ETT.Web.Controllers.HomeController.Index (ETT.Web)" with arguments (null) - ModelState is Valid
2018-04-23 18:24:03.070 +03:00 [Information] Executing ViewResult, running view at path "/Views/Home/Index.cshtml".
2018-04-23 18:24:03.387 +03:00 [Information] Executed action "ETT.Web.Controllers.HomeController.Index (ETT.Web)" in 110.4846ms
2018-04-23 18:24:03.677 +03:00 [Information] Request finished in 557.6093ms 200 text/html; charset=utf-8
2018-04-23 18:24:03.686 +03:00 [Information] Request starting HTTP/1.1 GET http://localhost:63433/lib/materialize/dist/fonts/roboto/Roboto-Regular.woff2  
2018-04-23 18:24:03.701 +03:00 [Information] AuthenticationScheme: "Identity.Application" was successfully authenticated.
2018-04-23 18:24:03.752 +03:00 [Information] Request finished in 377.2076ms 404 
2018-04-23 18:24:03.770 +03:00 [Information] Request starting HTTP/1.1 GET http://localhost:63433/lib/materialize/dist/fonts/roboto/Roboto-Regular.woff  
2018-04-23 18:24:03.809 +03:00 [Information] AuthenticationScheme: "Identity.Application" was successfully authenticated.
2018-04-23 18:24:03.852 +03:00 [Information] Request finished in 51.5817ms 404 
2018-04-23 18:24:04.700 +03:00 [Information] Request starting HTTP/1.1 GET http://localhost:63433/Report/CreateReport  
2018-04-23 18:24:04.710 +03:00 [Information] AuthenticationScheme: "Identity.Application" was successfully authenticated.
2018-04-23 18:24:04.774 +03:00 [Information] Executing action method "ETT.Web.Controllers.ReportController.CreateReport (ETT.Web)" with arguments (null) - ModelState is Valid
2018-04-23 18:24:07.854 +03:00 [Information] Executing ViewResult, running view at path "/Views/Report/CreateReport.cshtml".
2018-04-23 18:24:08.374 +03:00 [Information] Executed action "ETT.Web.Controllers.ReportController.CreateReport (ETT.Web)" in 3313.3498ms
2018-04-23 18:24:08.457 +03:00 [Information] Request finished in 3699.6415ms 200 text/html; charset=utf-8
2018-04-23 18:24:08.476 +03:00 [Information] Request starting HTTP/1.1 GET http://localhost:63433/lib/materialize/dist/fonts/roboto/Roboto-Regular.woff2  
2018-04-23 18:24:08.486 +03:00 [Information] AuthenticationScheme: "Identity.Application" was successfully authenticated.
2018-04-23 18:24:08.722 +03:00 [Information] Request finished in 127.0442ms 404 
2018-04-23 18:24:08.944 +03:00 [Information] Request starting HTTP/1.1 GET http://localhost:63433/lib/materialize/dist/fonts/roboto/Roboto-Regular.woff  
2018-04-23 18:24:09.284 +03:00 [Information] AuthenticationScheme: "Identity.Application" was successfully authenticated.
2018-04-23 18:24:09.423 +03:00 [Information] Request finished in 695.3706ms 404 
2018-04-23 18:24:10.529 +03:00 [Information] Request starting HTTP/1.1 GET http://localhost:63433/Report/GetTaskUserList/2  
2018-04-23 18:24:10.542 +03:00 [Information] AuthenticationScheme: "Identity.Application" was successfully authenticated.
2018-04-23 18:24:10.745 +03:00 [Information] Executing action method "ETT.Web.Controllers.ReportController.GetTaskUserList (ETT.Web)" with arguments (["2"]) - ModelState is Valid
2018-04-23 18:24:11.905 +03:00 [Information] Request starting HTTP/1.1 GET http://localhost:63433/Report/GetSearchList?&projId=2&taskId=&userId=  
2018-04-23 18:24:11.945 +03:00 [Information] AuthenticationScheme: "Identity.Application" was successfully authenticated.
2018-04-23 18:24:12.076 +03:00 [Information] Executing ViewResult, running view at path "/Views/Report/GetTaskUserList.cshtml".
2018-04-23 18:24:12.139 +03:00 [Information] Executed action "ETT.Web.Controllers.ReportController.GetTaskUserList (ETT.Web)" in 1557.2953ms
2018-04-23 18:24:12.401 +03:00 [Information] Executing action method "ETT.Web.Controllers.ReportController.GetSearchList (ETT.Web)" with arguments (["2", "", ""]) - ModelState is Valid
2018-04-23 18:24:12.541 +03:00 [Information] Request finished in 1618.8528ms 200 text/html; charset=utf-8
2018-04-23 18:24:13.894 +03:00 [Information] Executing ViewResult, running view at path "/Views/Report/GetSearchList.cshtml".
2018-04-23 18:24:13.961 +03:00 [Information] Executed action "ETT.Web.Controllers.ReportController.GetSearchList (ETT.Web)" in 1979.6917ms
2018-04-23 18:24:14.102 +03:00 [Information] Request finished in 2235.784ms 200 text/html; charset=utf-8
2018-04-23 18:24:15.325 +03:00 [Information] Request starting HTTP/1.1 POST http://localhost:63433/ReportPDF/ExcelReport application/x-www-form-urlencoded 1432
2018-04-23 18:24:15.334 +03:00 [Information] AuthenticationScheme: "Identity.Application" was successfully authenticated.
2018-04-23 18:24:15.412 +03:00 [Information] Executing action method "ETT.Web.Controllers.ReportPDFController.ExcelReport (ETT.Web)" with arguments (["System.Collections.Generic.List`1[ETT.Web.Models.Report.ReportRecordsViewModel]"]) - ModelState is Valid
2018-04-23 18:25:20.108 +03:00 [Information] Executing RedirectResult, redirecting to "/Record/UserList".
2018-04-23 18:25:20.132 +03:00 [Information] Executed action "ETT.Web.Controllers.ReportPDFController.ExcelReport (ETT.Web)" in 64766.166ms
2018-04-23 18:25:20.214 +03:00 [Information] Request finished in 64832.3024ms 301 
2018-04-23 18:25:20.230 +03:00 [Information] Request starting HTTP/1.1 GET http://localhost:63433/Record/UserList  
2018-04-23 18:25:20.242 +03:00 [Information] AuthenticationScheme: "Identity.Application" was successfully authenticated.
2018-04-23 18:25:20.394 +03:00 [Information] Executing action method "ETT.Web.Controllers.RecordController.UserList (ETT.Web)" with arguments (["IdAsc", "0"]) - ModelState is Valid
2018-04-23 18:25:21.248 +03:00 [Information] Executing ViewResult, running view at path "/Views/Record/List.cshtml".
2018-04-23 18:25:21.494 +03:00 [Information] Executed action "ETT.Web.Controllers.RecordController.UserList (ETT.Web)" in 1239.2893ms
2018-04-23 18:25:21.505 +03:00 [Information] Request finished in 1277.0827ms 200 text/html; charset=utf-8
2018-04-23 18:25:22.186 +03:00 [Information] Request starting HTTP/1.1 GET http://localhost:63433/lib/materialize/dist/fonts/roboto/Roboto-Regular.woff2  
2018-04-23 18:25:22.192 +03:00 [Information] AuthenticationScheme: "Identity.Application" was successfully authenticated.
2018-04-23 18:25:22.217 +03:00 [Information] Request finished in 14.7791ms 404 
2018-04-23 18:25:22.445 +03:00 [Information] Request starting HTTP/1.1 GET http://localhost:63433/lib/materialize/dist/fonts/roboto/Roboto-Regular.woff  
2018-04-23 18:25:22.466 +03:00 [Information] AuthenticationScheme: "Identity.Application" was successfully authenticated.
2018-04-23 18:25:22.561 +03:00 [Information] Request finished in 45.1711ms 404 
2018-04-23 18:26:20.773 +03:00 [Information] Request starting HTTP/1.1 GET http://localhost:63433/Report/CreateReport  
2018-04-23 18:26:20.787 +03:00 [Information] AuthenticationScheme: "Identity.Application" was successfully authenticated.
2018-04-23 18:26:20.833 +03:00 [Information] Executing action method "ETT.Web.Controllers.ReportController.CreateReport (ETT.Web)" with arguments (null) - ModelState is Valid
2018-04-23 18:26:21.323 +03:00 [Information] Executing ViewResult, running view at path "/Views/Report/CreateReport.cshtml".
2018-04-23 18:26:21.486 +03:00 [Information] Executed action "ETT.Web.Controllers.ReportController.CreateReport (ETT.Web)" in 582.2065ms
2018-04-23 18:26:21.528 +03:00 [Information] Request finished in 730.6276ms 200 text/html; charset=utf-8
2018-04-23 18:26:21.867 +03:00 [Information] Request starting HTTP/1.1 GET http://localhost:63433/lib/materialize/dist/fonts/roboto/Roboto-Regular.woff2  
2018-04-23 18:26:21.979 +03:00 [Information] AuthenticationScheme: "Identity.Application" was successfully authenticated.
2018-04-23 18:26:22.127 +03:00 [Information] Request finished in 226.4271ms 404 
2018-04-23 18:26:22.147 +03:00 [Information] Request starting HTTP/1.1 GET http://localhost:63433/lib/materialize/dist/fonts/roboto/Roboto-Regular.woff  
2018-04-23 18:26:22.161 +03:00 [Information] AuthenticationScheme: "Identity.Application" was successfully authenticated.
2018-04-23 18:26:22.217 +03:00 [Information] Request finished in 34.1636ms 404 
2018-04-23 18:26:23.215 +03:00 [Information] Request starting HTTP/1.1 GET http://localhost:63433/Report/GetTaskUserList/2  
2018-04-23 18:26:23.231 +03:00 [Information] AuthenticationScheme: "Identity.Application" was successfully authenticated.
2018-04-23 18:26:23.295 +03:00 [Information] Executing action method "ETT.Web.Controllers.ReportController.GetTaskUserList (ETT.Web)" with arguments (["2"]) - ModelState is Valid
2018-04-23 18:26:23.763 +03:00 [Information] Request starting HTTP/1.1 GET http://localhost:63433/Report/GetSearchList?&projId=2&taskId=&userId=  
2018-04-23 18:26:23.814 +03:00 [Information] AuthenticationScheme: "Identity.Application" was successfully authenticated.
2018-04-23 18:26:23.984 +03:00 [Information] Executing ViewResult, running view at path "/Views/Report/GetTaskUserList.cshtml".
2018-04-23 18:26:24.005 +03:00 [Information] Executed action "ETT.Web.Controllers.ReportController.GetTaskUserList (ETT.Web)" in 753.6359ms
2018-04-23 18:26:24.061 +03:00 [Information] Request finished in 842.0239ms 200 text/html; charset=utf-8
2018-04-23 18:26:24.081 +03:00 [Information] Executing action method "ETT.Web.Controllers.ReportController.GetSearchList (ETT.Web)" with arguments (["2", "", ""]) - ModelState is Valid
2018-04-23 18:26:24.501 +03:00 [Information] Executing ViewResult, running view at path "/Views/Report/GetSearchList.cshtml".
2018-04-23 18:26:24.556 +03:00 [Information] Executed action "ETT.Web.Controllers.ReportController.GetSearchList (ETT.Web)" in 687.3142ms
2018-04-23 18:26:24.698 +03:00 [Information] Request finished in 862.5972ms 200 text/html; charset=utf-8
2018-04-23 18:27:27.703 +03:00 [Debug] START WEB SERVER
2018-04-23 18:27:28.971 +03:00 [Information] Entity Framework Core "2.0.2-rtm-10011" initialized '"ApplicationContext"' using provider '"Microsoft.EntityFrameworkCore.SqlServer"' with options: "None"
2018-04-23 18:27:35.855 +03:00 [Information] Executed DbCommand ("244"ms) [Parameters=["@__normalizedName_0='?' (Size = 256)"], CommandType='Text', CommandTimeout='30']"
""SELECT TOP(1) [r].[Id], [r].[ConcurrencyStamp], [r].[Name], [r].[NormalizedName]
FROM [AspNetRoles] AS [r]
WHERE [r].[NormalizedName] = @__normalizedName_0"
2018-04-23 18:27:36.105 +03:00 [Information] Executed DbCommand ("123"ms) [Parameters=["@__normalizedName_0='?' (Size = 256)"], CommandType='Text', CommandTimeout='30']"
""SELECT TOP(1) [r].[Id], [r].[ConcurrencyStamp], [r].[Name], [r].[NormalizedName]
FROM [AspNetRoles] AS [r]
WHERE [r].[NormalizedName] = @__normalizedName_0"
2018-04-23 18:27:36.190 +03:00 [Information] Executed DbCommand ("67"ms) [Parameters=["@__normalizedName_0='?' (Size = 256)"], CommandType='Text', CommandTimeout='30']"
""SELECT TOP(1) [r].[Id], [r].[ConcurrencyStamp], [r].[Name], [r].[NormalizedName]
FROM [AspNetRoles] AS [r]
WHERE [r].[NormalizedName] = @__normalizedName_0"
2018-04-23 18:27:36.410 +03:00 [Information] Executed DbCommand ("171"ms) [Parameters=["@__normalizedUserName_0='?' (Size = 256)"], CommandType='Text', CommandTimeout='30']"
""SELECT TOP(1) [u].[Id], [u].[About], [u].[AccessFailedCount], [u].[Company], [u].[ConcurrencyStamp], [u].[DateOfBirth], [u].[Email], [u].[EmailConfirmed], [u].[FirstName], [u].[LastName], [u].[LockoutEnabled], [u].[LockoutEnd], [u].[NickName], [u].[NormalizedEmail], [u].[NormalizedUserName], [u].[PasswordHash], [u].[PhoneNumber], [u].[PhoneNumberConfirmed], [u].[Position], [u].[SecurityStamp], [u].[TwoFactorEnabled], [u].[UserName]
FROM [AspNetUsers] AS [u]
WHERE [u].[NormalizedUserName] = @__normalizedUserName_0"
2018-04-23 18:27:36.525 +03:00 [Information] Executed DbCommand ("61"ms) [Parameters=["@__normalizedUserName_0='?' (Size = 256)"], CommandType='Text', CommandTimeout='30']"
""SELECT TOP(1) [u].[Id], [u].[About], [u].[AccessFailedCount], [u].[Company], [u].[ConcurrencyStamp], [u].[DateOfBirth], [u].[Email], [u].[EmailConfirmed], [u].[FirstName], [u].[LastName], [u].[LockoutEnabled], [u].[LockoutEnd], [u].[NickName], [u].[NormalizedEmail], [u].[NormalizedUserName], [u].[PasswordHash], [u].[PhoneNumber], [u].[PhoneNumberConfirmed], [u].[Position], [u].[SecurityStamp], [u].[TwoFactorEnabled], [u].[UserName]
FROM [AspNetUsers] AS [u]
WHERE [u].[NormalizedUserName] = @__normalizedUserName_0"
2018-04-23 18:27:36.622 +03:00 [Information] Executed DbCommand ("86"ms) [Parameters=["@__normalizedUserName_0='?' (Size = 256)"], CommandType='Text', CommandTimeout='30']"
""SELECT TOP(1) [u].[Id], [u].[About], [u].[AccessFailedCount], [u].[Company], [u].[ConcurrencyStamp], [u].[DateOfBirth], [u].[Email], [u].[EmailConfirmed], [u].[FirstName], [u].[LastName], [u].[LockoutEnabled], [u].[LockoutEnd], [u].[NickName], [u].[NormalizedEmail], [u].[NormalizedUserName], [u].[PasswordHash], [u].[PhoneNumber], [u].[PhoneNumberConfirmed], [u].[Position], [u].[SecurityStamp], [u].[TwoFactorEnabled], [u].[UserName]
FROM [AspNetUsers] AS [u]
WHERE [u].[NormalizedUserName] = @__normalizedUserName_0"
2018-04-23 18:27:36.696 +03:00 [Information] Executed DbCommand ("64"ms) [Parameters=["@__normalizedUserName_0='?' (Size = 256)"], CommandType='Text', CommandTimeout='30']"
""SELECT TOP(1) [u].[Id], [u].[About], [u].[AccessFailedCount], [u].[Company], [u].[ConcurrencyStamp], [u].[DateOfBirth], [u].[Email], [u].[EmailConfirmed], [u].[FirstName], [u].[LastName], [u].[LockoutEnabled], [u].[LockoutEnd], [u].[NickName], [u].[NormalizedEmail], [u].[NormalizedUserName], [u].[PasswordHash], [u].[PhoneNumber], [u].[PhoneNumberConfirmed], [u].[Position], [u].[SecurityStamp], [u].[TwoFactorEnabled], [u].[UserName]
FROM [AspNetUsers] AS [u]
WHERE [u].[NormalizedUserName] = @__normalizedUserName_0"
2018-04-23 18:27:37.254 +03:00 [Information] Request starting HTTP/1.1 GET http://localhost:63433/  
2018-04-23 18:27:38.031 +03:00 [Information] Executing action method "ETT.Web.Controllers.HomeController.Index (ETT.Web)" with arguments (null) - ModelState is Valid
2018-04-23 18:27:44.193 +03:00 [Information] Executing ViewResult, running view at path "/Views/Home/Index.cshtml".
2018-04-23 18:27:45.980 +03:00 [Information] Executed action "ETT.Web.Controllers.HomeController.Index (ETT.Web)" in 8143.259ms
2018-04-23 18:27:45.994 +03:00 [Information] Request starting HTTP/1.1 GET http://localhost:63433/lib/materialize/dist/fonts/roboto/Roboto-Regular.woff2  
2018-04-23 18:27:46.261 +03:00 [Information] Request finished in 8811.0136ms 200 text/html; charset=utf-8
2018-04-23 18:27:46.809 +03:00 [Information] Request finished in 96.6044ms 404 
2018-04-23 18:27:46.947 +03:00 [Information] Request starting HTTP/1.1 GET http://localhost:63433/lib/materialize/dist/fonts/roboto/Roboto-Regular.woff  
2018-04-23 18:27:47.064 +03:00 [Information] Request finished in 46.8351ms 404 
2018-04-23 18:27:49.600 +03:00 [Information] Request starting HTTP/1.1 GET http://localhost:63433/Account/Login  
2018-04-23 18:27:49.880 +03:00 [Information] Executing action method "ETT.Web.Controllers.AccountController.Login (ETT.Web)" with arguments ([""]) - ModelState is Valid
2018-04-23 18:27:51.063 +03:00 [Information] Executing ViewResult, running view at path "/Views/Account/Login.cshtml".
2018-04-23 18:27:51.380 +03:00 [Information] Executed action "ETT.Web.Controllers.AccountController.Login (ETT.Web)" in 1546.7901ms
2018-04-23 18:27:51.402 +03:00 [Information] Request finished in 1880.4301ms 200 text/html; charset=utf-8
2018-04-23 18:27:52.482 +03:00 [Information] Request starting HTTP/1.1 GET http://localhost:63433/lib/materialize/dist/fonts/roboto/Roboto-Regular.woff2  
2018-04-23 18:27:52.532 +03:00 [Information] Request finished in 17.1434ms 404 
2018-04-23 18:27:52.738 +03:00 [Information] Request starting HTTP/1.1 GET http://localhost:63433/lib/materialize/dist/fonts/roboto/Roboto-Regular.woff  
2018-04-23 18:27:52.796 +03:00 [Information] Request finished in 90.2844ms 404 
2018-04-23 18:27:53.976 +03:00 [Information] Request starting HTTP/1.1 POST http://localhost:63433/Account/Login application/x-www-form-urlencoded 223
2018-04-23 18:27:54.180 +03:00 [Information] Executing action method "ETT.Web.Controllers.AccountController.Login (ETT.Web)" with arguments (["ETT.Web.Models.Users.LoginViewModel"]) - ModelState is Valid
2018-04-23 18:27:54.223 +03:00 [Information] Entity Framework Core "2.0.2-rtm-10011" initialized '"ApplicationContext"' using provider '"Microsoft.EntityFrameworkCore.SqlServer"' with options: "None"
2018-04-23 18:27:54.352 +03:00 [Information] Executed DbCommand ("103"ms) [Parameters=["@__normalizedUserName_0='?' (Size = 256)"], CommandType='Text', CommandTimeout='30']"
""SELECT TOP(1) [u].[Id], [u].[About], [u].[AccessFailedCount], [u].[Company], [u].[ConcurrencyStamp], [u].[DateOfBirth], [u].[Email], [u].[EmailConfirmed], [u].[FirstName], [u].[LastName], [u].[LockoutEnabled], [u].[LockoutEnd], [u].[NickName], [u].[NormalizedEmail], [u].[NormalizedUserName], [u].[PasswordHash], [u].[PhoneNumber], [u].[PhoneNumberConfirmed], [u].[Position], [u].[SecurityStamp], [u].[TwoFactorEnabled], [u].[UserName]
FROM [AspNetUsers] AS [u]
WHERE [u].[NormalizedUserName] = @__normalizedUserName_0"
2018-04-23 18:27:54.781 +03:00 [Information] Executed DbCommand ("216"ms) [Parameters=["@__user_Id_0='?'"], CommandType='Text', CommandTimeout='30']"
""SELECT [uc].[Id], [uc].[ClaimType], [uc].[ClaimValue], [uc].[UserId]
FROM [AspNetUserClaims] AS [uc]
WHERE [uc].[UserId] = @__user_Id_0"
2018-04-23 18:27:54.977 +03:00 [Information] Executed DbCommand ("117"ms) [Parameters=["@__userId_0='?'"], CommandType='Text', CommandTimeout='30']"
""SELECT [role].[Name]
FROM [AspNetUserRoles] AS [userRole]
INNER JOIN [AspNetRoles] AS [role] ON [userRole].[RoleId] = [role].[Id]
WHERE [userRole].[UserId] = @__userId_0"
2018-04-23 18:27:54.998 +03:00 [Information] AuthenticationScheme: "Identity.Application" signed in.
2018-04-23 18:27:55.010 +03:00 [Information] Executing RedirectResult, redirecting to "/".
2018-04-23 18:27:55.019 +03:00 [Information] Executed action "ETT.Web.Controllers.AccountController.Login (ETT.Web)" in 1005.8823ms
2018-04-23 18:27:55.056 +03:00 [Information] Request finished in 1060.5993ms 302 
2018-04-23 18:27:55.068 +03:00 [Information] Request starting HTTP/1.1 GET http://localhost:63433/  
2018-04-23 18:27:55.082 +03:00 [Information] AuthenticationScheme: "Identity.Application" was successfully authenticated.
2018-04-23 18:27:55.220 +03:00 [Information] Executing action method "ETT.Web.Controllers.HomeController.Index (ETT.Web)" with arguments (null) - ModelState is Valid
2018-04-23 18:27:55.326 +03:00 [Information] Executing ViewResult, running view at path "/Views/Home/Index.cshtml".
2018-04-23 18:27:55.701 +03:00 [Information] Executed action "ETT.Web.Controllers.HomeController.Index (ETT.Web)" in 264.9842ms
2018-04-23 18:27:55.990 +03:00 [Information] Request finished in 651.2191ms 200 text/html; charset=utf-8
2018-04-23 18:27:56.011 +03:00 [Information] Request starting HTTP/1.1 GET http://localhost:63433/lib/materialize/dist/fonts/roboto/Roboto-Regular.woff2  
2018-04-23 18:27:56.049 +03:00 [Information] AuthenticationScheme: "Identity.Application" was successfully authenticated.
2018-04-23 18:27:56.105 +03:00 [Information] Request finished in 403.1543ms 404 
2018-04-23 18:27:56.127 +03:00 [Information] Request starting HTTP/1.1 GET http://localhost:63433/lib/materialize/dist/fonts/roboto/Roboto-Regular.woff  
2018-04-23 18:27:56.136 +03:00 [Information] AuthenticationScheme: "Identity.Application" was successfully authenticated.
2018-04-23 18:27:56.184 +03:00 [Information] Request finished in 39.9155ms 404 
2018-04-23 18:28:08.020 +03:00 [Information] Request starting HTTP/1.1 GET http://localhost:63433/Report/CreateReport  
2018-04-23 18:28:08.035 +03:00 [Information] AuthenticationScheme: "Identity.Application" was successfully authenticated.
2018-04-23 18:28:08.083 +03:00 [Information] Executing action method "ETT.Web.Controllers.ReportController.CreateReport (ETT.Web)" with arguments (null) - ModelState is Valid
2018-04-23 18:28:10.539 +03:00 [Information] Executing ViewResult, running view at path "/Views/Report/CreateReport.cshtml".
2018-04-23 18:28:11.035 +03:00 [Information] Executed action "ETT.Web.Controllers.ReportController.CreateReport (ETT.Web)" in 2682.3659ms
2018-04-23 18:28:11.152 +03:00 [Information] Request starting HTTP/1.1 GET http://localhost:63433/lib/materialize/dist/fonts/roboto/Roboto-Regular.woff2  
2018-04-23 18:28:11.360 +03:00 [Information] AuthenticationScheme: "Identity.Application" was successfully authenticated.
2018-04-23 18:28:11.445 +03:00 [Information] Request finished in 369.6904ms 404 
2018-04-23 18:28:11.482 +03:00 [Information] Request finished in 3064.4995ms 200 text/html; charset=utf-8
2018-04-23 18:28:11.499 +03:00 [Information] Request starting HTTP/1.1 GET http://localhost:63433/lib/materialize/dist/fonts/roboto/Roboto-Regular.woff  
2018-04-23 18:28:11.537 +03:00 [Information] AuthenticationScheme: "Identity.Application" was successfully authenticated.
2018-04-23 18:28:11.633 +03:00 [Information] Request finished in 49.6177ms 404 
2018-04-23 18:28:13.965 +03:00 [Information] Request starting HTTP/1.1 GET http://localhost:63433/Report/GetTaskUserList/2  
2018-04-23 18:28:13.979 +03:00 [Information] AuthenticationScheme: "Identity.Application" was successfully authenticated.
2018-04-23 18:28:14.033 +03:00 [Information] Executing action method "ETT.Web.Controllers.ReportController.GetTaskUserList (ETT.Web)" with arguments (["2"]) - ModelState is Valid
2018-04-23 18:28:15.179 +03:00 [Information] Executing ViewResult, running view at path "/Views/Report/GetTaskUserList.cshtml".
2018-04-23 18:28:15.242 +03:00 [Information] Executed action "ETT.Web.Controllers.ReportController.GetTaskUserList (ETT.Web)" in 1234.1345ms
2018-04-23 18:28:15.314 +03:00 [Information] Request finished in 1357.776ms 200 text/html; charset=utf-8
2018-04-23 18:28:16.219 +03:00 [Information] Request starting HTTP/1.1 GET http://localhost:63433/Report/GetSearchList?&projId=2&taskId=&userId=  
2018-04-23 18:28:16.241 +03:00 [Information] AuthenticationScheme: "Identity.Application" was successfully authenticated.
2018-04-23 18:28:16.450 +03:00 [Information] Executing action method "ETT.Web.Controllers.ReportController.GetSearchList (ETT.Web)" with arguments (["2", "", ""]) - ModelState is Valid
2018-04-23 18:28:17.899 +03:00 [Information] Executing ViewResult, running view at path "/Views/Report/GetSearchList.cshtml".
2018-04-23 18:28:17.943 +03:00 [Information] Executed action "ETT.Web.Controllers.ReportController.GetSearchList (ETT.Web)" in 1682.5385ms
2018-04-23 18:28:17.972 +03:00 [Information] Request finished in 1794.4257ms 200 text/html; charset=utf-8
2018-04-23 18:28:19.875 +03:00 [Information] Request starting HTTP/1.1 POST http://localhost:63433/ReportPDF/ExcelReport application/x-www-form-urlencoded 1432
2018-04-23 18:28:19.886 +03:00 [Information] AuthenticationScheme: "Identity.Application" was successfully authenticated.
2018-04-23 18:28:19.991 +03:00 [Information] Executing action method "ETT.Web.Controllers.ReportPDFController.ExcelReport (ETT.Web)" with arguments (["System.Collections.Generic.List`1[ETT.Web.Models.Report.ReportRecordsViewModel]"]) - ModelState is Valid
2018-04-23 18:28:21.280 +03:00 [Information] Executing RedirectResult, redirecting to "/Record/UserList".
2018-04-23 18:28:21.287 +03:00 [Information] Executed action "ETT.Web.Controllers.ReportPDFController.ExcelReport (ETT.Web)" in 1384.65ms
2018-04-23 18:28:21.324 +03:00 [Information] Request finished in 1427.9973ms 301 
2018-04-23 18:28:21.334 +03:00 [Information] Request starting HTTP/1.1 GET http://localhost:63433/Record/UserList  
2018-04-23 18:28:21.341 +03:00 [Information] AuthenticationScheme: "Identity.Application" was successfully authenticated.
2018-04-23 18:28:21.387 +03:00 [Information] Executing action method "ETT.Web.Controllers.RecordController.UserList (ETT.Web)" with arguments (["IdAsc", "0"]) - ModelState is Valid
2018-04-23 18:28:21.972 +03:00 [Information] Executing ViewResult, running view at path "/Views/Record/List.cshtml".
2018-04-23 18:28:22.448 +03:00 [Information] Executed action "ETT.Web.Controllers.RecordController.UserList (ETT.Web)" in 842.842ms
2018-04-23 18:28:22.467 +03:00 [Information] Request finished in 1126.1651ms 200 text/html; charset=utf-8
2018-04-23 18:28:22.484 +03:00 [Information] Request starting HTTP/1.1 GET http://localhost:63433/lib/materialize/dist/fonts/roboto/Roboto-Regular.woff2  
2018-04-23 18:28:22.492 +03:00 [Information] AuthenticationScheme: "Identity.Application" was successfully authenticated.
2018-04-23 18:28:22.605 +03:00 [Information] Request finished in 67.479ms 404 
2018-04-23 18:28:22.631 +03:00 [Information] Request starting HTTP/1.1 GET http://localhost:63433/lib/materialize/dist/fonts/roboto/Roboto-Regular.woff  
2018-04-23 18:28:22.642 +03:00 [Information] AuthenticationScheme: "Identity.Application" was successfully authenticated.
2018-04-23 18:28:22.682 +03:00 [Information] Request finished in 59.2415ms 404 
