2018-04-13 19:54:21.902 +03:00 [Debug] START WEB SERVER
2018-04-13 19:54:24.405 +03:00 [Information] Entity Framework Core "2.0.2-rtm-10011" initialized '"ApplicationContext"' using provider '"Microsoft.EntityFrameworkCore.SqlServer"' with options: "None"
2018-04-13 19:54:25.886 +03:00 [Information] Executed DbCommand ("384"ms) [Parameters=["@__normalizedName_0='?' (Size = 256)"], CommandType='Text', CommandTimeout='30']"
""SELECT TOP(1) [r].[Id], [r].[ConcurrencyStamp], [r].[Name], [r].[NormalizedName]
FROM [AspNetRoles] AS [r]
WHERE [r].[NormalizedName] = @__normalizedName_0"
2018-04-13 19:54:26.092 +03:00 [Information] Executed DbCommand ("161"ms) [Parameters=["@__normalizedName_0='?' (Size = 256)"], CommandType='Text', CommandTimeout='30']"
""SELECT TOP(1) [r].[Id], [r].[ConcurrencyStamp], [r].[Name], [r].[NormalizedName]
FROM [AspNetRoles] AS [r]
WHERE [r].[NormalizedName] = @__normalizedName_0"
2018-04-13 19:54:26.411 +03:00 [Information] Executed DbCommand ("108"ms) [Parameters=["@p0='?' (Size = 4000), @p1='?' (Size = 256), @p2='?' (Size = 256)"], CommandType='Text', CommandTimeout='30']"
""SET NOCOUNT ON;
INSERT INTO [AspNetRoles] ([ConcurrencyStamp], [Name], [NormalizedName])
VALUES (@p0, @p1, @p2);
SELECT [Id]
FROM [AspNetRoles]
WHERE @@ROWCOUNT = 1 AND [Id] = scope_identity();"
2018-04-13 19:54:26.587 +03:00 [Information] Executed DbCommand ("79"ms) [Parameters=["@__normalizedName_0='?' (Size = 256)"], CommandType='Text', CommandTimeout='30']"
""SELECT TOP(1) [r].[Id], [r].[ConcurrencyStamp], [r].[Name], [r].[NormalizedName]
FROM [AspNetRoles] AS [r]
WHERE [r].[NormalizedName] = @__normalizedName_0"
2018-04-13 19:54:26.693 +03:00 [Information] Executed DbCommand ("92"ms) [Parameters=["@__normalizedName_0='?' (Size = 256)"], CommandType='Text', CommandTimeout='30']"
""SELECT TOP(1) [r].[Id], [r].[ConcurrencyStamp], [r].[Name], [r].[NormalizedName]
FROM [AspNetRoles] AS [r]
WHERE [r].[NormalizedName] = @__normalizedName_0"
2018-04-13 19:54:26.773 +03:00 [Information] Executed DbCommand ("65"ms) [Parameters=["@p0='?' (Size = 4000), @p1='?' (Size = 256), @p2='?' (Size = 256)"], CommandType='Text', CommandTimeout='30']"
""SET NOCOUNT ON;
INSERT INTO [AspNetRoles] ([ConcurrencyStamp], [Name], [NormalizedName])
VALUES (@p0, @p1, @p2);
SELECT [Id]
FROM [AspNetRoles]
WHERE @@ROWCOUNT = 1 AND [Id] = scope_identity();"
2018-04-13 19:54:26.840 +03:00 [Information] Executed DbCommand ("55"ms) [Parameters=["@__normalizedName_0='?' (Size = 256)"], CommandType='Text', CommandTimeout='30']"
""SELECT TOP(1) [r].[Id], [r].[ConcurrencyStamp], [r].[Name], [r].[NormalizedName]
FROM [AspNetRoles] AS [r]
WHERE [r].[NormalizedName] = @__normalizedName_0"
2018-04-13 19:54:26.929 +03:00 [Information] Executed DbCommand ("77"ms) [Parameters=["@__normalizedName_0='?' (Size = 256)"], CommandType='Text', CommandTimeout='30']"
""SELECT TOP(1) [r].[Id], [r].[ConcurrencyStamp], [r].[Name], [r].[NormalizedName]
FROM [AspNetRoles] AS [r]
WHERE [r].[NormalizedName] = @__normalizedName_0"
2018-04-13 19:54:27.001 +03:00 [Information] Executed DbCommand ("62"ms) [Parameters=["@p0='?' (Size = 4000), @p1='?' (Size = 256), @p2='?' (Size = 256)"], CommandType='Text', CommandTimeout='30']"
""SET NOCOUNT ON;
INSERT INTO [AspNetRoles] ([ConcurrencyStamp], [Name], [NormalizedName])
VALUES (@p0, @p1, @p2);
SELECT [Id]
FROM [AspNetRoles]
WHERE @@ROWCOUNT = 1 AND [Id] = scope_identity();"
2018-04-13 19:54:27.126 +03:00 [Information] Executed DbCommand ("82"ms) [Parameters=["@__normalizedUserName_0='?' (Size = 256)"], CommandType='Text', CommandTimeout='30']"
""SELECT TOP(1) [u].[Id], [u].[About], [u].[AccessFailedCount], [u].[Company], [u].[ConcurrencyStamp], [u].[DateOfBirth], [u].[Email], [u].[EmailConfirmed], [u].[FirstName], [u].[LastName], [u].[LockoutEnabled], [u].[LockoutEnd], [u].[NickName], [u].[NormalizedEmail], [u].[NormalizedUserName], [u].[PasswordHash], [u].[PhoneNumber], [u].[PhoneNumberConfirmed], [u].[Position], [u].[SecurityStamp], [u].[TwoFactorEnabled], [u].[UserName]
FROM [AspNetUsers] AS [u]
WHERE [u].[NormalizedUserName] = @__normalizedUserName_0"
2018-04-13 19:54:27.450 +03:00 [Information] Executed DbCommand ("114"ms) [Parameters=["@__p_0='?' (Size = 4000)"], CommandType='Text', CommandTimeout='30']"
""SELECT CASE
    WHEN @__p_0 IN (
        SELECT [x].[UserName]
        FROM [AspNetUsers] AS [x]
    )
    THEN CAST(1 AS BIT) ELSE CAST(0 AS BIT)
END"
2018-04-13 19:54:27.657 +03:00 [Information] Executed DbCommand ("71"ms) [Parameters=["@p0='?' (Size = 4000), @p1='?', @p2='?' (Size = 4000), @p3='?' (Size = 4000), @p4='?', @p5='?' (Size = 256), @p6='?', @p7='?' (Size = 4000), @p8='?' (Size = 4000), @p9='?', @p10='?', @p11='?' (Size = 4000), @p12='?' (Size = 256), @p13='?' (Size = 256), @p14='?' (Size = 4000), @p15='?' (Size = 4000), @p16='?', @p17='?' (Size = 4000), @p18='?' (Size = 4000), @p19='?', @p20='?' (Size = 256)"], CommandType='Text', CommandTimeout='30']"
""SET NOCOUNT ON;
INSERT INTO [AspNetUsers] ([About], [AccessFailedCount], [Company], [ConcurrencyStamp], [DateOfBirth], [Email], [EmailConfirmed], [FirstName], [LastName], [LockoutEnabled], [LockoutEnd], [NickName], [NormalizedEmail], [NormalizedUserName], [PasswordHash], [PhoneNumber], [PhoneNumberConfirmed], [Position], [SecurityStamp], [TwoFactorEnabled], [UserName])
VALUES (@p0, @p1, @p2, @p3, @p4, @p5, @p6, @p7, @p8, @p9, @p10, @p11, @p12, @p13, @p14, @p15, @p16, @p17, @p18, @p19, @p20);
SELECT [Id]
FROM [AspNetUsers]
WHERE @@ROWCOUNT = 1 AND [Id] = scope_identity();"
2018-04-13 19:54:27.787 +03:00 [Information] Executed DbCommand ("104"ms) [Parameters=["@__normalizedEmail_0='?' (Size = 256)"], CommandType='Text', CommandTimeout='30']"
""SELECT TOP(1) [u].[Id], [u].[About], [u].[AccessFailedCount], [u].[Company], [u].[ConcurrencyStamp], [u].[DateOfBirth], [u].[Email], [u].[EmailConfirmed], [u].[FirstName], [u].[LastName], [u].[LockoutEnabled], [u].[LockoutEnd], [u].[NickName], [u].[NormalizedEmail], [u].[NormalizedUserName], [u].[PasswordHash], [u].[PhoneNumber], [u].[PhoneNumberConfirmed], [u].[Position], [u].[SecurityStamp], [u].[TwoFactorEnabled], [u].[UserName]
FROM [AspNetUsers] AS [u]
WHERE [u].[NormalizedEmail] = @__normalizedEmail_0"
2018-04-13 19:54:28.026 +03:00 [Information] Executed DbCommand ("172"ms) [Parameters=["@__normalizedRoleName_0='?' (Size = 256)"], CommandType='Text', CommandTimeout='30']"
""SELECT TOP(2) [r].[Id], [r].[ConcurrencyStamp], [r].[Name], [r].[NormalizedName]
FROM [AspNetRoles] AS [r]
WHERE [r].[NormalizedName] = @__normalizedRoleName_0"
2018-04-13 19:54:28.158 +03:00 [Information] Executed DbCommand ("95"ms) [Parameters=["@__get_Item_0='?', @__get_Item_1='?'"], CommandType='Text', CommandTimeout='30']"
""SELECT TOP(1) [e].[UserId], [e].[RoleId]
FROM [AspNetUserRoles] AS [e]
WHERE ([e].[UserId] = @__get_Item_0) AND ([e].[RoleId] = @__get_Item_1)"
2018-04-13 19:54:28.246 +03:00 [Information] Executed DbCommand ("64"ms) [Parameters=["@__normalizedRoleName_0='?' (Size = 256)"], CommandType='Text', CommandTimeout='30']"
""SELECT TOP(2) [r].[Id], [r].[ConcurrencyStamp], [r].[Name], [r].[NormalizedName]
FROM [AspNetRoles] AS [r]
WHERE [r].[NormalizedName] = @__normalizedRoleName_0"
2018-04-13 19:54:28.343 +03:00 [Information] Executed DbCommand ("58"ms) [Parameters=["@p0='?', @p1='?', @p23='?', @p2='?' (Size = 4000), @p3='?', @p4='?' (Size = 4000), @p5='?' (Size = 4000), @p24='?' (Size = 4000), @p6='?', @p7='?' (Size = 256), @p8='?', @p9='?' (Size = 4000), @p10='?' (Size = 4000), @p11='?', @p12='?', @p13='?' (Size = 4000), @p14='?' (Size = 256), @p15='?' (Size = 256), @p16='?' (Size = 4000), @p17='?' (Size = 4000), @p18='?', @p19='?' (Size = 4000), @p20='?' (Size = 4000), @p21='?', @p22='?' (Size = 256)"], CommandType='Text', CommandTimeout='30']"
""SET NOCOUNT ON;
INSERT INTO [AspNetUserRoles] ([UserId], [RoleId])
VALUES (@p0, @p1);
UPDATE [AspNetUsers] SET [About] = @p2, [AccessFailedCount] = @p3, [Company] = @p4, [ConcurrencyStamp] = @p5, [DateOfBirth] = @p6, [Email] = @p7, [EmailConfirmed] = @p8, [FirstName] = @p9, [LastName] = @p10, [LockoutEnabled] = @p11, [LockoutEnd] = @p12, [NickName] = @p13, [NormalizedEmail] = @p14, [NormalizedUserName] = @p15, [PasswordHash] = @p16, [PhoneNumber] = @p17, [PhoneNumberConfirmed] = @p18, [Position] = @p19, [SecurityStamp] = @p20, [TwoFactorEnabled] = @p21, [UserName] = @p22
WHERE [Id] = @p23 AND [ConcurrencyStamp] = @p24;
SELECT @@ROWCOUNT;"
2018-04-13 19:54:28.470 +03:00 [Information] Executed DbCommand ("105"ms) [Parameters=["@__normalizedUserName_0='?' (Size = 256)"], CommandType='Text', CommandTimeout='30']"
""SELECT TOP(1) [u].[Id], [u].[About], [u].[AccessFailedCount], [u].[Company], [u].[ConcurrencyStamp], [u].[DateOfBirth], [u].[Email], [u].[EmailConfirmed], [u].[FirstName], [u].[LastName], [u].[LockoutEnabled], [u].[LockoutEnd], [u].[NickName], [u].[NormalizedEmail], [u].[NormalizedUserName], [u].[PasswordHash], [u].[PhoneNumber], [u].[PhoneNumberConfirmed], [u].[Position], [u].[SecurityStamp], [u].[TwoFactorEnabled], [u].[UserName]
FROM [AspNetUsers] AS [u]
WHERE [u].[NormalizedUserName] = @__normalizedUserName_0"
2018-04-13 19:54:28.574 +03:00 [Information] Executed DbCommand ("77"ms) [Parameters=["@__p_0='?' (Size = 4000)"], CommandType='Text', CommandTimeout='30']"
""SELECT CASE
    WHEN @__p_0 IN (
        SELECT [x].[UserName]
        FROM [AspNetUsers] AS [x]
    )
    THEN CAST(1 AS BIT) ELSE CAST(0 AS BIT)
END"
2018-04-13 19:54:28.668 +03:00 [Information] Executed DbCommand ("73"ms) [Parameters=["@p0='?' (Size = 4000), @p1='?', @p2='?' (Size = 4000), @p3='?' (Size = 4000), @p4='?', @p5='?' (Size = 256), @p6='?', @p7='?' (Size = 4000), @p8='?' (Size = 4000), @p9='?', @p10='?', @p11='?' (Size = 4000), @p12='?' (Size = 256), @p13='?' (Size = 256), @p14='?' (Size = 4000), @p15='?' (Size = 4000), @p16='?', @p17='?' (Size = 4000), @p18='?' (Size = 4000), @p19='?', @p20='?' (Size = 256)"], CommandType='Text', CommandTimeout='30']"
""SET NOCOUNT ON;
INSERT INTO [AspNetUsers] ([About], [AccessFailedCount], [Company], [ConcurrencyStamp], [DateOfBirth], [Email], [EmailConfirmed], [FirstName], [LastName], [LockoutEnabled], [LockoutEnd], [NickName], [NormalizedEmail], [NormalizedUserName], [PasswordHash], [PhoneNumber], [PhoneNumberConfirmed], [Position], [SecurityStamp], [TwoFactorEnabled], [UserName])
VALUES (@p0, @p1, @p2, @p3, @p4, @p5, @p6, @p7, @p8, @p9, @p10, @p11, @p12, @p13, @p14, @p15, @p16, @p17, @p18, @p19, @p20);
SELECT [Id]
FROM [AspNetUsers]
WHERE @@ROWCOUNT = 1 AND [Id] = scope_identity();"
2018-04-13 19:54:28.754 +03:00 [Information] Executed DbCommand ("72"ms) [Parameters=["@__normalizedEmail_0='?' (Size = 256)"], CommandType='Text', CommandTimeout='30']"
""SELECT TOP(1) [u].[Id], [u].[About], [u].[AccessFailedCount], [u].[Company], [u].[ConcurrencyStamp], [u].[DateOfBirth], [u].[Email], [u].[EmailConfirmed], [u].[FirstName], [u].[LastName], [u].[LockoutEnabled], [u].[LockoutEnd], [u].[NickName], [u].[NormalizedEmail], [u].[NormalizedUserName], [u].[PasswordHash], [u].[PhoneNumber], [u].[PhoneNumberConfirmed], [u].[Position], [u].[SecurityStamp], [u].[TwoFactorEnabled], [u].[UserName]
FROM [AspNetUsers] AS [u]
WHERE [u].[NormalizedEmail] = @__normalizedEmail_0"
2018-04-13 19:54:28.867 +03:00 [Information] Executed DbCommand ("77"ms) [Parameters=["@__normalizedRoleName_0='?' (Size = 256)"], CommandType='Text', CommandTimeout='30']"
""SELECT TOP(2) [r].[Id], [r].[ConcurrencyStamp], [r].[Name], [r].[NormalizedName]
FROM [AspNetRoles] AS [r]
WHERE [r].[NormalizedName] = @__normalizedRoleName_0"
2018-04-13 19:54:28.946 +03:00 [Information] Executed DbCommand ("62"ms) [Parameters=["@__get_Item_0='?', @__get_Item_1='?'"], CommandType='Text', CommandTimeout='30']"
""SELECT TOP(1) [e].[UserId], [e].[RoleId]
FROM [AspNetUserRoles] AS [e]
WHERE ([e].[UserId] = @__get_Item_0) AND ([e].[RoleId] = @__get_Item_1)"
2018-04-13 19:54:29.020 +03:00 [Information] Executed DbCommand ("63"ms) [Parameters=["@__normalizedRoleName_0='?' (Size = 256)"], CommandType='Text', CommandTimeout='30']"
""SELECT TOP(2) [r].[Id], [r].[ConcurrencyStamp], [r].[Name], [r].[NormalizedName]
FROM [AspNetRoles] AS [r]
WHERE [r].[NormalizedName] = @__normalizedRoleName_0"
2018-04-13 19:54:29.111 +03:00 [Information] Executed DbCommand ("77"ms) [Parameters=["@p0='?', @p1='?', @p23='?', @p2='?' (Size = 4000), @p3='?', @p4='?' (Size = 4000), @p5='?' (Size = 4000), @p24='?' (Size = 4000), @p6='?', @p7='?' (Size = 256), @p8='?', @p9='?' (Size = 4000), @p10='?' (Size = 4000), @p11='?', @p12='?', @p13='?' (Size = 4000), @p14='?' (Size = 256), @p15='?' (Size = 256), @p16='?' (Size = 4000), @p17='?' (Size = 4000), @p18='?', @p19='?' (Size = 4000), @p20='?' (Size = 4000), @p21='?', @p22='?' (Size = 256)"], CommandType='Text', CommandTimeout='30']"
""SET NOCOUNT ON;
INSERT INTO [AspNetUserRoles] ([UserId], [RoleId])
VALUES (@p0, @p1);
UPDATE [AspNetUsers] SET [About] = @p2, [AccessFailedCount] = @p3, [Company] = @p4, [ConcurrencyStamp] = @p5, [DateOfBirth] = @p6, [Email] = @p7, [EmailConfirmed] = @p8, [FirstName] = @p9, [LastName] = @p10, [LockoutEnabled] = @p11, [LockoutEnd] = @p12, [NickName] = @p13, [NormalizedEmail] = @p14, [NormalizedUserName] = @p15, [PasswordHash] = @p16, [PhoneNumber] = @p17, [PhoneNumberConfirmed] = @p18, [Position] = @p19, [SecurityStamp] = @p20, [TwoFactorEnabled] = @p21, [UserName] = @p22
WHERE [Id] = @p23 AND [ConcurrencyStamp] = @p24;
SELECT @@ROWCOUNT;"
2018-04-13 19:54:29.186 +03:00 [Information] Executed DbCommand ("64"ms) [Parameters=["@__normalizedUserName_0='?' (Size = 256)"], CommandType='Text', CommandTimeout='30']"
""SELECT TOP(1) [u].[Id], [u].[About], [u].[AccessFailedCount], [u].[Company], [u].[ConcurrencyStamp], [u].[DateOfBirth], [u].[Email], [u].[EmailConfirmed], [u].[FirstName], [u].[LastName], [u].[LockoutEnabled], [u].[LockoutEnd], [u].[NickName], [u].[NormalizedEmail], [u].[NormalizedUserName], [u].[PasswordHash], [u].[PhoneNumber], [u].[PhoneNumberConfirmed], [u].[Position], [u].[SecurityStamp], [u].[TwoFactorEnabled], [u].[UserName]
FROM [AspNetUsers] AS [u]
WHERE [u].[NormalizedUserName] = @__normalizedUserName_0"
2018-04-13 19:54:29.269 +03:00 [Information] Executed DbCommand ("50"ms) [Parameters=["@__p_0='?' (Size = 4000)"], CommandType='Text', CommandTimeout='30']"
""SELECT CASE
    WHEN @__p_0 IN (
        SELECT [x].[UserName]
        FROM [AspNetUsers] AS [x]
    )
    THEN CAST(1 AS BIT) ELSE CAST(0 AS BIT)
END"
2018-04-13 19:54:29.364 +03:00 [Information] Executed DbCommand ("59"ms) [Parameters=["@p0='?' (Size = 4000), @p1='?', @p2='?' (Size = 4000), @p3='?' (Size = 4000), @p4='?', @p5='?' (Size = 256), @p6='?', @p7='?' (Size = 4000), @p8='?' (Size = 4000), @p9='?', @p10='?', @p11='?' (Size = 4000), @p12='?' (Size = 256), @p13='?' (Size = 256), @p14='?' (Size = 4000), @p15='?' (Size = 4000), @p16='?', @p17='?' (Size = 4000), @p18='?' (Size = 4000), @p19='?', @p20='?' (Size = 256)"], CommandType='Text', CommandTimeout='30']"
""SET NOCOUNT ON;
INSERT INTO [AspNetUsers] ([About], [AccessFailedCount], [Company], [ConcurrencyStamp], [DateOfBirth], [Email], [EmailConfirmed], [FirstName], [LastName], [LockoutEnabled], [LockoutEnd], [NickName], [NormalizedEmail], [NormalizedUserName], [PasswordHash], [PhoneNumber], [PhoneNumberConfirmed], [Position], [SecurityStamp], [TwoFactorEnabled], [UserName])
VALUES (@p0, @p1, @p2, @p3, @p4, @p5, @p6, @p7, @p8, @p9, @p10, @p11, @p12, @p13, @p14, @p15, @p16, @p17, @p18, @p19, @p20);
SELECT [Id]
FROM [AspNetUsers]
WHERE @@ROWCOUNT = 1 AND [Id] = scope_identity();"
2018-04-13 19:54:29.566 +03:00 [Information] Executed DbCommand ("138"ms) [Parameters=["@__normalizedEmail_0='?' (Size = 256)"], CommandType='Text', CommandTimeout='30']"
""SELECT TOP(1) [u].[Id], [u].[About], [u].[AccessFailedCount], [u].[Company], [u].[ConcurrencyStamp], [u].[DateOfBirth], [u].[Email], [u].[EmailConfirmed], [u].[FirstName], [u].[LastName], [u].[LockoutEnabled], [u].[LockoutEnd], [u].[NickName], [u].[NormalizedEmail], [u].[NormalizedUserName], [u].[PasswordHash], [u].[PhoneNumber], [u].[PhoneNumberConfirmed], [u].[Position], [u].[SecurityStamp], [u].[TwoFactorEnabled], [u].[UserName]
FROM [AspNetUsers] AS [u]
WHERE [u].[NormalizedEmail] = @__normalizedEmail_0"
2018-04-13 19:54:29.646 +03:00 [Information] Executed DbCommand ("65"ms) [Parameters=["@__normalizedRoleName_0='?' (Size = 256)"], CommandType='Text', CommandTimeout='30']"
""SELECT TOP(2) [r].[Id], [r].[ConcurrencyStamp], [r].[Name], [r].[NormalizedName]
FROM [AspNetRoles] AS [r]
WHERE [r].[NormalizedName] = @__normalizedRoleName_0"
2018-04-13 19:54:29.755 +03:00 [Information] Executed DbCommand ("82"ms) [Parameters=["@__get_Item_0='?', @__get_Item_1='?'"], CommandType='Text', CommandTimeout='30']"
""SELECT TOP(1) [e].[UserId], [e].[RoleId]
FROM [AspNetUserRoles] AS [e]
WHERE ([e].[UserId] = @__get_Item_0) AND ([e].[RoleId] = @__get_Item_1)"
2018-04-13 19:54:29.824 +03:00 [Information] Executed DbCommand ("58"ms) [Parameters=["@__normalizedRoleName_0='?' (Size = 256)"], CommandType='Text', CommandTimeout='30']"
""SELECT TOP(2) [r].[Id], [r].[ConcurrencyStamp], [r].[Name], [r].[NormalizedName]
FROM [AspNetRoles] AS [r]
WHERE [r].[NormalizedName] = @__normalizedRoleName_0"
2018-04-13 19:54:29.895 +03:00 [Information] Executed DbCommand ("61"ms) [Parameters=["@p0='?', @p1='?', @p23='?', @p2='?' (Size = 4000), @p3='?', @p4='?' (Size = 4000), @p5='?' (Size = 4000), @p24='?' (Size = 4000), @p6='?', @p7='?' (Size = 256), @p8='?', @p9='?' (Size = 4000), @p10='?' (Size = 4000), @p11='?', @p12='?', @p13='?' (Size = 4000), @p14='?' (Size = 256), @p15='?' (Size = 256), @p16='?' (Size = 4000), @p17='?' (Size = 4000), @p18='?', @p19='?' (Size = 4000), @p20='?' (Size = 4000), @p21='?', @p22='?' (Size = 256)"], CommandType='Text', CommandTimeout='30']"
""SET NOCOUNT ON;
INSERT INTO [AspNetUserRoles] ([UserId], [RoleId])
VALUES (@p0, @p1);
UPDATE [AspNetUsers] SET [About] = @p2, [AccessFailedCount] = @p3, [Company] = @p4, [ConcurrencyStamp] = @p5, [DateOfBirth] = @p6, [Email] = @p7, [EmailConfirmed] = @p8, [FirstName] = @p9, [LastName] = @p10, [LockoutEnabled] = @p11, [LockoutEnd] = @p12, [NickName] = @p13, [NormalizedEmail] = @p14, [NormalizedUserName] = @p15, [PasswordHash] = @p16, [PhoneNumber] = @p17, [PhoneNumberConfirmed] = @p18, [Position] = @p19, [SecurityStamp] = @p20, [TwoFactorEnabled] = @p21, [UserName] = @p22
WHERE [Id] = @p23 AND [ConcurrencyStamp] = @p24;
SELECT @@ROWCOUNT;"
2018-04-13 19:54:29.995 +03:00 [Information] Executed DbCommand ("72"ms) [Parameters=["@__normalizedUserName_0='?' (Size = 256)"], CommandType='Text', CommandTimeout='30']"
""SELECT TOP(1) [u].[Id], [u].[About], [u].[AccessFailedCount], [u].[Company], [u].[ConcurrencyStamp], [u].[DateOfBirth], [u].[Email], [u].[EmailConfirmed], [u].[FirstName], [u].[LastName], [u].[LockoutEnabled], [u].[LockoutEnd], [u].[NickName], [u].[NormalizedEmail], [u].[NormalizedUserName], [u].[PasswordHash], [u].[PhoneNumber], [u].[PhoneNumberConfirmed], [u].[Position], [u].[SecurityStamp], [u].[TwoFactorEnabled], [u].[UserName]
FROM [AspNetUsers] AS [u]
WHERE [u].[NormalizedUserName] = @__normalizedUserName_0"
2018-04-13 19:54:30.072 +03:00 [Information] Executed DbCommand ("52"ms) [Parameters=["@__p_0='?' (Size = 4000)"], CommandType='Text', CommandTimeout='30']"
""SELECT CASE
    WHEN @__p_0 IN (
        SELECT [x].[UserName]
        FROM [AspNetUsers] AS [x]
    )
    THEN CAST(1 AS BIT) ELSE CAST(0 AS BIT)
END"
2018-04-13 19:54:30.142 +03:00 [Information] Executed DbCommand ("57"ms) [Parameters=["@p0='?' (Size = 4000), @p1='?', @p2='?' (Size = 4000), @p3='?' (Size = 4000), @p4='?', @p5='?' (Size = 256), @p6='?', @p7='?' (Size = 4000), @p8='?' (Size = 4000), @p9='?', @p10='?', @p11='?' (Size = 4000), @p12='?' (Size = 256), @p13='?' (Size = 256), @p14='?' (Size = 4000), @p15='?' (Size = 4000), @p16='?', @p17='?' (Size = 4000), @p18='?' (Size = 4000), @p19='?', @p20='?' (Size = 256)"], CommandType='Text', CommandTimeout='30']"
""SET NOCOUNT ON;
INSERT INTO [AspNetUsers] ([About], [AccessFailedCount], [Company], [ConcurrencyStamp], [DateOfBirth], [Email], [EmailConfirmed], [FirstName], [LastName], [LockoutEnabled], [LockoutEnd], [NickName], [NormalizedEmail], [NormalizedUserName], [PasswordHash], [PhoneNumber], [PhoneNumberConfirmed], [Position], [SecurityStamp], [TwoFactorEnabled], [UserName])
VALUES (@p0, @p1, @p2, @p3, @p4, @p5, @p6, @p7, @p8, @p9, @p10, @p11, @p12, @p13, @p14, @p15, @p16, @p17, @p18, @p19, @p20);
SELECT [Id]
FROM [AspNetUsers]
WHERE @@ROWCOUNT = 1 AND [Id] = scope_identity();"
2018-04-13 19:54:30.237 +03:00 [Information] Executed DbCommand ("80"ms) [Parameters=["@__normalizedEmail_0='?' (Size = 256)"], CommandType='Text', CommandTimeout='30']"
""SELECT TOP(1) [u].[Id], [u].[About], [u].[AccessFailedCount], [u].[Company], [u].[ConcurrencyStamp], [u].[DateOfBirth], [u].[Email], [u].[EmailConfirmed], [u].[FirstName], [u].[LastName], [u].[LockoutEnabled], [u].[LockoutEnd], [u].[NickName], [u].[NormalizedEmail], [u].[NormalizedUserName], [u].[PasswordHash], [u].[PhoneNumber], [u].[PhoneNumberConfirmed], [u].[Position], [u].[SecurityStamp], [u].[TwoFactorEnabled], [u].[UserName]
FROM [AspNetUsers] AS [u]
WHERE [u].[NormalizedEmail] = @__normalizedEmail_0"
2018-04-13 19:54:30.313 +03:00 [Information] Executed DbCommand ("68"ms) [Parameters=["@__normalizedRoleName_0='?' (Size = 256)"], CommandType='Text', CommandTimeout='30']"
""SELECT TOP(2) [r].[Id], [r].[ConcurrencyStamp], [r].[Name], [r].[NormalizedName]
FROM [AspNetRoles] AS [r]
WHERE [r].[NormalizedName] = @__normalizedRoleName_0"
2018-04-13 19:54:30.405 +03:00 [Information] Executed DbCommand ("61"ms) [Parameters=["@__get_Item_0='?', @__get_Item_1='?'"], CommandType='Text', CommandTimeout='30']"
""SELECT TOP(1) [e].[UserId], [e].[RoleId]
FROM [AspNetUserRoles] AS [e]
WHERE ([e].[UserId] = @__get_Item_0) AND ([e].[RoleId] = @__get_Item_1)"
2018-04-13 19:54:30.510 +03:00 [Information] Executed DbCommand ("66"ms) [Parameters=["@__normalizedRoleName_0='?' (Size = 256)"], CommandType='Text', CommandTimeout='30']"
""SELECT TOP(2) [r].[Id], [r].[ConcurrencyStamp], [r].[Name], [r].[NormalizedName]
FROM [AspNetRoles] AS [r]
WHERE [r].[NormalizedName] = @__normalizedRoleName_0"
2018-04-13 19:54:30.588 +03:00 [Information] Executed DbCommand ("60"ms) [Parameters=["@p0='?', @p1='?', @p23='?', @p2='?' (Size = 4000), @p3='?', @p4='?' (Size = 4000), @p5='?' (Size = 4000), @p24='?' (Size = 4000), @p6='?', @p7='?' (Size = 256), @p8='?', @p9='?' (Size = 4000), @p10='?' (Size = 4000), @p11='?', @p12='?', @p13='?' (Size = 4000), @p14='?' (Size = 256), @p15='?' (Size = 256), @p16='?' (Size = 4000), @p17='?' (Size = 4000), @p18='?', @p19='?' (Size = 4000), @p20='?' (Size = 4000), @p21='?', @p22='?' (Size = 256)"], CommandType='Text', CommandTimeout='30']"
""SET NOCOUNT ON;
INSERT INTO [AspNetUserRoles] ([UserId], [RoleId])
VALUES (@p0, @p1);
UPDATE [AspNetUsers] SET [About] = @p2, [AccessFailedCount] = @p3, [Company] = @p4, [ConcurrencyStamp] = @p5, [DateOfBirth] = @p6, [Email] = @p7, [EmailConfirmed] = @p8, [FirstName] = @p9, [LastName] = @p10, [LockoutEnabled] = @p11, [LockoutEnd] = @p12, [NickName] = @p13, [NormalizedEmail] = @p14, [NormalizedUserName] = @p15, [PasswordHash] = @p16, [PhoneNumber] = @p17, [PhoneNumberConfirmed] = @p18, [Position] = @p19, [SecurityStamp] = @p20, [TwoFactorEnabled] = @p21, [UserName] = @p22
WHERE [Id] = @p23 AND [ConcurrencyStamp] = @p24;
SELECT @@ROWCOUNT;"
2018-04-13 19:54:31.708 +03:00 [Information] Request starting HTTP/1.1 GET http://localhost:63433/  
2018-04-13 19:54:32.698 +03:00 [Information] Executing action method "ETT.Web.Controllers.HomeController.Index (ETT.Web)" with arguments (null) - ModelState is Valid
2018-04-13 19:54:41.723 +03:00 [Information] Executing ViewResult, running view at path "/Views/Home/Index.cshtml".
2018-04-13 19:54:43.934 +03:00 [Information] Request starting HTTP/1.1 GET http://localhost:63433/lib/jquery/dist/jquery.js  
2018-04-13 19:54:43.953 +03:00 [Information] Request starting HTTP/1.1 GET http://localhost:63433/css/site.css  
2018-04-13 19:54:43.980 +03:00 [Information] Request starting HTTP/1.1 GET http://localhost:63433/css/materialize.fix.css  
2018-04-13 19:54:43.991 +03:00 [Information] Executed action "ETT.Web.Controllers.HomeController.Index (ETT.Web)" in 11334.8614ms
2018-04-13 19:54:44.002 +03:00 [Information] Request starting HTTP/1.1 GET http://localhost:63433/lib/materialize/dist/css/materialize.css  
2018-04-13 19:54:44.124 +03:00 [Information] The file "/lib/jquery/dist/jquery.js" was not modified
2018-04-13 19:54:44.606 +03:00 [Information] Sending file. Request path: '"/css/site.css"'. Physical path: '"D:\EpolSoft\ETT\ett\TimeCardsApp\ETT.Client\wwwroot\css\site.css"'
2018-04-13 19:54:44.634 +03:00 [Information] Request finished in 279.2115ms 304 application/javascript
2018-04-13 19:54:44.737 +03:00 [Information] The file "/lib/materialize/dist/css/materialize.css" was not modified
2018-04-13 19:54:44.777 +03:00 [Information] Sending file. Request path: '"/css/materialize.fix.css"'. Physical path: '"D:\EpolSoft\ETT\ett\TimeCardsApp\ETT.Client\wwwroot\css\materialize.fix.css"'
2018-04-13 19:54:44.843 +03:00 [Information] Request finished in 834.4409ms 200 text/css
2018-04-13 19:54:44.898 +03:00 [Information] Request finished in 12442.6527ms 200 text/html; charset=utf-8
2018-04-13 19:54:44.957 +03:00 [Information] Request finished in 887.7041ms 304 text/css
2018-04-13 19:54:45.143 +03:00 [Information] Request finished in 984.6636ms 200 text/css
2018-04-13 19:54:45.194 +03:00 [Information] Request starting HTTP/1.1 GET http://localhost:63433/lib/materialize/dist/js/materialize.js  
2018-04-13 19:54:45.207 +03:00 [Information] The file "/lib/materialize/dist/js/materialize.js" was not modified
2018-04-13 19:54:45.247 +03:00 [Information] Request finished in 294.6155ms 304 application/javascript
2018-04-13 19:54:45.447 +03:00 [Information] Request starting HTTP/1.1 GET http://localhost:63433/js/functions.js?v=dXQyEwEL4ksQUKc1QbgMspTYkqytGFQWgnFM0wZsftA  
2018-04-13 19:54:45.469 +03:00 [Information] Sending file. Request path: '"/js/functions.js"'. Physical path: '"D:\EpolSoft\ETT\ett\TimeCardsApp\ETT.Client\wwwroot\js\functions.js"'
2018-04-13 19:54:45.522 +03:00 [Information] Request finished in 99.8816ms 200 application/javascript
2018-04-13 19:54:45.580 +03:00 [Information] Request starting HTTP/1.1 GET http://localhost:63433/js/site.js?v=2sW_k76-IWNQZNRdJmHRFS8rp71HE7-u_x93NcoLh5o  
2018-04-13 19:54:45.599 +03:00 [Information] The file "/js/site.js" was not modified
2018-04-13 19:54:45.705 +03:00 [Information] Request finished in 42.8672ms 304 application/javascript
2018-04-13 19:54:45.898 +03:00 [Information] Request starting HTTP/1.1 GET http://localhost:63433/img/fon.jpg  
2018-04-13 19:54:45.935 +03:00 [Information] The file "/img/fon.jpg" was not modified
2018-04-13 19:54:45.978 +03:00 [Information] Request finished in 244.1434ms 304 image/jpeg
2018-04-13 19:54:46.872 +03:00 [Information] Request starting HTTP/1.1 GET http://localhost:63433/favicon.ico  
2018-04-13 19:54:47.004 +03:00 [Information] The file "/favicon.ico" was not modified
2018-04-13 19:54:47.133 +03:00 [Information] Request finished in 187.0706ms 304 image/x-icon
2018-04-13 19:54:53.062 +03:00 [Information] Request starting HTTP/1.1 GET http://localhost:63433/Account/Login  
2018-04-13 19:54:53.318 +03:00 [Information] Executing action method "ETT.Web.Controllers.AccountController.Login (ETT.Web)" with arguments ([""]) - ModelState is Valid
2018-04-13 19:54:54.196 +03:00 [Information] Executing ViewResult, running view at path "/Views/Account/Login.cshtml".
2018-04-13 19:54:54.563 +03:00 [Information] Executed action "ETT.Web.Controllers.AccountController.Login (ETT.Web)" in 1310.1584ms
2018-04-13 19:54:54.679 +03:00 [Information] Request finished in 1516.203ms 200 text/html; charset=utf-8
2018-04-13 19:55:06.078 +03:00 [Information] Request starting HTTP/1.1 GET http://localhost:63433/Account/Register  
2018-04-13 19:55:06.186 +03:00 [Information] Executing action method "ETT.Web.Controllers.AccountController.Register (ETT.Web)" with arguments (null) - ModelState is Valid
2018-04-13 19:55:06.757 +03:00 [Information] Executing ViewResult, running view at path "/Views/Account/Register.cshtml".
2018-04-13 19:55:06.939 +03:00 [Information] Executed action "ETT.Web.Controllers.AccountController.Register (ETT.Web)" in 738.3617ms
2018-04-13 19:55:07.053 +03:00 [Information] Request finished in 878.8338ms 200 text/html; charset=utf-8
2018-04-13 19:55:09.988 +03:00 [Information] Request starting HTTP/1.1 GET http://localhost:63433/Home/SetLanguage?returnUrl=%2FAccount%2FRegister&culture=en  
2018-04-13 19:55:10.069 +03:00 [Information] Executing action method "ETT.Web.Controllers.HomeController.SetLanguage (ETT.Web)" with arguments (["en", "/Account/Register"]) - ModelState is Valid
2018-04-13 19:55:10.079 +03:00 [Information] Executing LocalRedirectResult, redirecting to "/Account/Register".
2018-04-13 19:55:10.091 +03:00 [Information] Executed action "ETT.Web.Controllers.HomeController.SetLanguage (ETT.Web)" in 79.5431ms
2018-04-13 19:55:10.120 +03:00 [Information] Request finished in 113.6947ms 302 
2018-04-13 19:55:10.170 +03:00 [Information] Request starting HTTP/1.1 GET http://localhost:63433/Account/Register  
2018-04-13 19:55:10.218 +03:00 [Information] Executing action method "ETT.Web.Controllers.AccountController.Register (ETT.Web)" with arguments (null) - ModelState is Valid
2018-04-13 19:55:10.229 +03:00 [Information] Executing ViewResult, running view at path "/Views/Account/Register.cshtml".
2018-04-13 19:55:10.315 +03:00 [Information] Executed action "ETT.Web.Controllers.AccountController.Register (ETT.Web)" in 71.9455ms
2018-04-13 19:55:10.604 +03:00 [Information] Request finished in 326.6214ms 200 text/html; charset=utf-8
2018-04-13 19:55:13.230 +03:00 [Information] Request starting HTTP/1.1 GET http://localhost:63433/Home/SetLanguage?returnUrl=%2FAccount%2FRegister&culture=ru  
2018-04-13 19:55:13.355 +03:00 [Information] Executing action method "ETT.Web.Controllers.HomeController.SetLanguage (ETT.Web)" with arguments (["ru", "/Account/Register"]) - ModelState is Valid
2018-04-13 19:55:13.369 +03:00 [Information] Executing LocalRedirectResult, redirecting to "/Account/Register".
2018-04-13 19:55:13.376 +03:00 [Information] Executed action "ETT.Web.Controllers.HomeController.SetLanguage (ETT.Web)" in 125.8989ms
2018-04-13 19:55:13.407 +03:00 [Information] Request finished in 154.4742ms 302 
2018-04-13 19:55:13.418 +03:00 [Information] Request starting HTTP/1.1 GET http://localhost:63433/Account/Register  
2018-04-13 19:55:13.505 +03:00 [Information] Executing action method "ETT.Web.Controllers.AccountController.Register (ETT.Web)" with arguments (null) - ModelState is Valid
2018-04-13 19:55:13.534 +03:00 [Information] Executing ViewResult, running view at path "/Views/Account/Register.cshtml".
2018-04-13 19:55:13.665 +03:00 [Information] Executed action "ETT.Web.Controllers.AccountController.Register (ETT.Web)" in 166.7877ms
2018-04-13 19:55:13.687 +03:00 [Information] Request finished in 275.9984ms 200 text/html; charset=utf-8
2018-04-13 19:55:15.612 +03:00 [Information] Request starting HTTP/1.1 GET http://localhost:63433/Home/SetLanguage?returnUrl=%2FAccount%2FRegister&culture=en  
2018-04-13 19:55:15.726 +03:00 [Information] Executing action method "ETT.Web.Controllers.HomeController.SetLanguage (ETT.Web)" with arguments (["en", "/Account/Register"]) - ModelState is Valid
2018-04-13 19:55:15.738 +03:00 [Information] Executing LocalRedirectResult, redirecting to "/Account/Register".
2018-04-13 19:55:15.757 +03:00 [Information] Executed action "ETT.Web.Controllers.HomeController.SetLanguage (ETT.Web)" in 125.0602ms
2018-04-13 19:55:15.816 +03:00 [Information] Request finished in 158.11ms 302 
2018-04-13 19:55:15.835 +03:00 [Information] Request starting HTTP/1.1 GET http://localhost:63433/Account/Register  
2018-04-13 19:55:15.891 +03:00 [Information] Executing action method "ETT.Web.Controllers.AccountController.Register (ETT.Web)" with arguments (null) - ModelState is Valid
2018-04-13 19:55:15.937 +03:00 [Information] Executing ViewResult, running view at path "/Views/Account/Register.cshtml".
2018-04-13 19:55:16.196 +03:00 [Information] Executed action "ETT.Web.Controllers.AccountController.Register (ETT.Web)" in 104.6518ms
2018-04-13 19:55:16.313 +03:00 [Information] Request finished in 395.2555ms 200 text/html; charset=utf-8
2018-04-13 19:55:19.040 +03:00 [Information] Request starting HTTP/1.1 GET http://localhost:63433/Home/SetLanguage?returnUrl=%2FAccount%2FRegister&culture=ru  
2018-04-13 19:55:19.091 +03:00 [Information] Executing action method "ETT.Web.Controllers.HomeController.SetLanguage (ETT.Web)" with arguments (["ru", "/Account/Register"]) - ModelState is Valid
2018-04-13 19:55:19.100 +03:00 [Information] Executing LocalRedirectResult, redirecting to "/Account/Register".
2018-04-13 19:55:19.111 +03:00 [Information] Executed action "ETT.Web.Controllers.HomeController.SetLanguage (ETT.Web)" in 59.1479ms
2018-04-13 19:55:19.141 +03:00 [Information] Request finished in 77.7083ms 302 
2018-04-13 19:55:19.152 +03:00 [Information] Request starting HTTP/1.1 GET http://localhost:63433/Account/Register  
2018-04-13 19:55:19.223 +03:00 [Information] Executing action method "ETT.Web.Controllers.AccountController.Register (ETT.Web)" with arguments (null) - ModelState is Valid
2018-04-13 19:55:19.241 +03:00 [Information] Executing ViewResult, running view at path "/Views/Account/Register.cshtml".
2018-04-13 19:55:19.341 +03:00 [Information] Executed action "ETT.Web.Controllers.AccountController.Register (ETT.Web)" in 90.2216ms
2018-04-13 19:55:19.374 +03:00 [Information] Request finished in 218.4642ms 200 text/html; charset=utf-8
2018-04-13 19:55:23.508 +03:00 [Information] Request starting HTTP/1.1 GET http://localhost:63433/Home/SetLanguage?returnUrl=%2FAccount%2FRegister&culture=en  
2018-04-13 19:55:23.559 +03:00 [Information] Executing action method "ETT.Web.Controllers.HomeController.SetLanguage (ETT.Web)" with arguments (["en", "/Account/Register"]) - ModelState is Valid
2018-04-13 19:55:23.570 +03:00 [Information] Executing LocalRedirectResult, redirecting to "/Account/Register".
2018-04-13 19:55:23.576 +03:00 [Information] Executed action "ETT.Web.Controllers.HomeController.SetLanguage (ETT.Web)" in 61.7301ms
2018-04-13 19:55:23.605 +03:00 [Information] Request finished in 82.5003ms 302 
2018-04-13 19:55:23.620 +03:00 [Information] Request starting HTTP/1.1 GET http://localhost:63433/Account/Register  
2018-04-13 19:55:23.687 +03:00 [Information] Executing action method "ETT.Web.Controllers.AccountController.Register (ETT.Web)" with arguments (null) - ModelState is Valid
2018-04-13 19:55:23.708 +03:00 [Information] Executing ViewResult, running view at path "/Views/Account/Register.cshtml".
2018-04-13 19:55:23.797 +03:00 [Information] Executed action "ETT.Web.Controllers.AccountController.Register (ETT.Web)" in 91.7931ms
2018-04-13 19:55:23.814 +03:00 [Information] Request finished in 205.0616ms 200 text/html; charset=utf-8
2018-04-13 19:55:34.365 +03:00 [Information] Request starting HTTP/1.1 GET http://localhost:63433/Home/SetLanguage?returnUrl=%2FAccount%2FRegister&culture=en  
2018-04-13 19:55:34.450 +03:00 [Information] Executing action method "ETT.Web.Controllers.HomeController.SetLanguage (ETT.Web)" with arguments (["en", "/Account/Register"]) - ModelState is Valid
2018-04-13 19:55:34.464 +03:00 [Information] Executing LocalRedirectResult, redirecting to "/Account/Register".
2018-04-13 19:55:34.476 +03:00 [Information] Executed action "ETT.Web.Controllers.HomeController.SetLanguage (ETT.Web)" in 98.2496ms
2018-04-13 19:55:34.509 +03:00 [Information] Request finished in 137.1503ms 302 
2018-04-13 19:55:34.544 +03:00 [Information] Request starting HTTP/1.1 GET http://localhost:63433/Account/Register  
2018-04-13 19:55:34.599 +03:00 [Information] Executing action method "ETT.Web.Controllers.AccountController.Register (ETT.Web)" with arguments (null) - ModelState is Valid
2018-04-13 19:55:34.640 +03:00 [Information] Executing ViewResult, running view at path "/Views/Account/Register.cshtml".
2018-04-13 19:55:34.721 +03:00 [Information] Executed action "ETT.Web.Controllers.AccountController.Register (ETT.Web)" in 97.9979ms
2018-04-13 19:55:34.748 +03:00 [Information] Request finished in 228.1502ms 200 text/html; charset=utf-8
2018-04-13 19:55:34.770 +03:00 [Information] Request starting HTTP/1.1 GET http://localhost:63433/css/site.css  
2018-04-13 19:55:34.795 +03:00 [Information] The file "/css/site.css" was not modified
2018-04-13 19:55:34.821 +03:00 [Information] Request starting HTTP/1.1 GET http://localhost:63433/js/functions.js?v=dXQyEwEL4ksQUKc1QbgMspTYkqytGFQWgnFM0wZsftA  
2018-04-13 19:55:34.859 +03:00 [Information] The file "/js/functions.js" was not modified
2018-04-13 19:55:34.892 +03:00 [Information] Request starting HTTP/1.1 GET http://localhost:63433/css/materialize.fix.css  
2018-04-13 19:55:34.902 +03:00 [Information] Request finished in 124.3303ms 304 application/javascript
2018-04-13 19:55:34.907 +03:00 [Information] The file "/css/materialize.fix.css" was not modified
2018-04-13 19:55:34.957 +03:00 [Information] Request finished in 79.211ms 304 text/css
2018-04-13 19:55:34.976 +03:00 [Information] Request finished in 217.904ms 304 text/css
2018-04-13 19:55:36.794 +03:00 [Information] Request starting HTTP/1.1 GET http://localhost:63433/  
2018-04-13 19:55:36.856 +03:00 [Information] Executing action method "ETT.Web.Controllers.HomeController.Index (ETT.Web)" with arguments (null) - ModelState is Valid
2018-04-13 19:55:36.879 +03:00 [Information] Executing ViewResult, running view at path "/Views/Home/Index.cshtml".
2018-04-13 19:55:37.004 +03:00 [Information] Executed action "ETT.Web.Controllers.HomeController.Index (ETT.Web)" in 96.2452ms
2018-04-13 19:55:37.042 +03:00 [Information] Request finished in 223.1753ms 200 text/html; charset=utf-8
2018-04-13 19:55:59.138 +03:00 [Information] Request starting HTTP/1.1 GET http://localhost:63433/Home/SetLanguage?returnUrl=%2F&culture=ru  
2018-04-13 19:55:59.196 +03:00 [Information] Executing action method "ETT.Web.Controllers.HomeController.SetLanguage (ETT.Web)" with arguments (["ru", "/"]) - ModelState is Valid
2018-04-13 19:55:59.203 +03:00 [Information] Executing LocalRedirectResult, redirecting to "/".
2018-04-13 19:55:59.214 +03:00 [Information] Executed action "ETT.Web.Controllers.HomeController.SetLanguage (ETT.Web)" in 64.0944ms
2018-04-13 19:55:59.245 +03:00 [Information] Request finished in 91.0807ms 302 
2018-04-13 19:55:59.267 +03:00 [Information] Request starting HTTP/1.1 GET http://localhost:63433/  
2018-04-13 19:55:59.330 +03:00 [Information] Executing action method "ETT.Web.Controllers.HomeController.Index (ETT.Web)" with arguments (null) - ModelState is Valid
2018-04-13 19:55:59.347 +03:00 [Information] Executing ViewResult, running view at path "/Views/Home/Index.cshtml".
2018-04-13 19:55:59.645 +03:00 [Information] Executed action "ETT.Web.Controllers.HomeController.Index (ETT.Web)" in 80.235ms
2018-04-13 19:55:59.716 +03:00 [Information] Request finished in 410.0008ms 200 text/html; charset=utf-8
2018-04-13 19:56:07.071 +03:00 [Information] Request starting HTTP/1.1 GET http://localhost:63433/Home/SetLanguage?returnUrl=%2F&culture=en  
2018-04-13 19:56:07.159 +03:00 [Information] Executing action method "ETT.Web.Controllers.HomeController.SetLanguage (ETT.Web)" with arguments (["en", "/"]) - ModelState is Valid
2018-04-13 19:56:07.170 +03:00 [Information] Executing LocalRedirectResult, redirecting to "/".
2018-04-13 19:56:07.182 +03:00 [Information] Executed action "ETT.Web.Controllers.HomeController.SetLanguage (ETT.Web)" in 97.3742ms
2018-04-13 19:56:07.216 +03:00 [Information] Request finished in 126.6547ms 302 
2018-04-13 19:56:07.249 +03:00 [Information] Request starting HTTP/1.1 GET http://localhost:63433/  
2018-04-13 19:56:07.301 +03:00 [Information] Executing action method "ETT.Web.Controllers.HomeController.Index (ETT.Web)" with arguments (null) - ModelState is Valid
2018-04-13 19:56:07.316 +03:00 [Information] Executing ViewResult, running view at path "/Views/Home/Index.cshtml".
2018-04-13 19:56:07.611 +03:00 [Information] Executed action "ETT.Web.Controllers.HomeController.Index (ETT.Web)" in 79.1984ms
2018-04-13 19:56:07.654 +03:00 [Information] Request finished in 414.2524ms 200 text/html; charset=utf-8
2018-04-13 19:56:15.386 +03:00 [Information] Request starting HTTP/1.1 GET http://localhost:63433/Account/Login  
2018-04-13 19:56:15.456 +03:00 [Information] Executing action method "ETT.Web.Controllers.AccountController.Login (ETT.Web)" with arguments ([""]) - ModelState is Valid
2018-04-13 19:56:15.469 +03:00 [Information] Executing ViewResult, running view at path "/Views/Account/Login.cshtml".
2018-04-13 19:56:15.586 +03:00 [Information] Executed action "ETT.Web.Controllers.AccountController.Login (ETT.Web)" in 95.8703ms
2018-04-13 19:56:15.678 +03:00 [Information] Request finished in 218.3423ms 200 text/html; charset=utf-8
2018-04-13 19:56:17.015 +03:00 [Information] Request starting HTTP/1.1 POST http://localhost:63433/Account/Login application/x-www-form-urlencoded 224
2018-04-13 19:56:17.180 +03:00 [Information] Executing action method "ETT.Web.Controllers.AccountController.Login (ETT.Web)" with arguments (["ETT.Web.Models.Users.LoginViewModel"]) - ModelState is Valid
2018-04-13 19:56:17.219 +03:00 [Information] Entity Framework Core "2.0.2-rtm-10011" initialized '"ApplicationContext"' using provider '"Microsoft.EntityFrameworkCore.SqlServer"' with options: "None"
2018-04-13 19:56:17.309 +03:00 [Information] Executed DbCommand ("74"ms) [Parameters=["@__normalizedUserName_0='?' (Size = 256)"], CommandType='Text', CommandTimeout='30']"
""SELECT TOP(1) [u].[Id], [u].[About], [u].[AccessFailedCount], [u].[Company], [u].[ConcurrencyStamp], [u].[DateOfBirth], [u].[Email], [u].[EmailConfirmed], [u].[FirstName], [u].[LastName], [u].[LockoutEnabled], [u].[LockoutEnd], [u].[NickName], [u].[NormalizedEmail], [u].[NormalizedUserName], [u].[PasswordHash], [u].[PhoneNumber], [u].[PhoneNumberConfirmed], [u].[Position], [u].[SecurityStamp], [u].[TwoFactorEnabled], [u].[UserName]
FROM [AspNetUsers] AS [u]
WHERE [u].[NormalizedUserName] = @__normalizedUserName_0"
2018-04-13 19:56:17.718 +03:00 [Information] Executed DbCommand ("160"ms) [Parameters=["@__user_Id_0='?'"], CommandType='Text', CommandTimeout='30']"
""SELECT [uc].[Id], [uc].[ClaimType], [uc].[ClaimValue], [uc].[UserId]
FROM [AspNetUserClaims] AS [uc]
WHERE [uc].[UserId] = @__user_Id_0"
2018-04-13 19:56:17.890 +03:00 [Information] Executed DbCommand ("77"ms) [Parameters=["@__userId_0='?'"], CommandType='Text', CommandTimeout='30']"
""SELECT [role].[Name]
FROM [AspNetUserRoles] AS [userRole]
INNER JOIN [AspNetRoles] AS [role] ON [userRole].[RoleId] = [role].[Id]
WHERE [userRole].[UserId] = @__userId_0"
2018-04-13 19:56:17.962 +03:00 [Information] Executed DbCommand ("53"ms) [Parameters=["@__normalizedName_0='?' (Size = 256)"], CommandType='Text', CommandTimeout='30']"
""SELECT TOP(1) [r].[Id], [r].[ConcurrencyStamp], [r].[Name], [r].[NormalizedName]
FROM [AspNetRoles] AS [r]
WHERE [r].[NormalizedName] = @__normalizedName_0"
2018-04-13 19:56:18.141 +03:00 [Information] Executed DbCommand ("61"ms) [Parameters=["@__role_Id_0='?'"], CommandType='Text', CommandTimeout='30']"
""SELECT [rc].[ClaimType], [rc].[ClaimValue]
FROM [AspNetRoleClaims] AS [rc]
WHERE [rc].[RoleId] = @__role_Id_0"
2018-04-13 19:56:18.181 +03:00 [Information] AuthenticationScheme: "Identity.Application" signed in.
2018-04-13 19:56:18.240 +03:00 [Information] Executing RedirectResult, redirecting to "/".
2018-04-13 19:56:18.255 +03:00 [Information] Executed action "ETT.Web.Controllers.AccountController.Login (ETT.Web)" in 1198.5219ms
2018-04-13 19:56:18.315 +03:00 [Information] Request finished in 1253.9706ms 302 
2018-04-13 19:56:18.353 +03:00 [Information] Request starting HTTP/1.1 GET http://localhost:63433/  
2018-04-13 19:56:18.368 +03:00 [Information] AuthenticationScheme: "Identity.Application" was successfully authenticated.
2018-04-13 19:56:18.412 +03:00 [Information] Executing action method "ETT.Web.Controllers.HomeController.Index (ETT.Web)" with arguments (null) - ModelState is Valid
2018-04-13 19:56:18.432 +03:00 [Information] Executing ViewResult, running view at path "/Views/Home/Index.cshtml".
2018-04-13 19:56:18.551 +03:00 [Information] Executed action "ETT.Web.Controllers.HomeController.Index (ETT.Web)" in 82.2992ms
2018-04-13 19:56:18.619 +03:00 [Information] Request finished in 253.8119ms 200 text/html; charset=utf-8
2018-04-13 19:56:20.890 +03:00 [Information] Request starting HTTP/1.1 GET http://localhost:63433/Home/SetLanguage?returnUrl=%2F&culture=ru  
2018-04-13 19:56:21.025 +03:00 [Information] AuthenticationScheme: "Identity.Application" was successfully authenticated.
2018-04-13 19:56:21.103 +03:00 [Information] Executing action method "ETT.Web.Controllers.HomeController.SetLanguage (ETT.Web)" with arguments (["ru", "/"]) - ModelState is Valid
2018-04-13 19:56:21.119 +03:00 [Information] Executing LocalRedirectResult, redirecting to "/".
2018-04-13 19:56:21.135 +03:00 [Information] Executed action "ETT.Web.Controllers.HomeController.SetLanguage (ETT.Web)" in 93.3188ms
2018-04-13 19:56:21.251 +03:00 [Information] Request starting HTTP/1.1 GET http://localhost:63433/  
2018-04-13 19:56:21.302 +03:00 [Information] Request finished in 262.3241ms 302 
2018-04-13 19:56:21.351 +03:00 [Information] AuthenticationScheme: "Identity.Application" was successfully authenticated.
2018-04-13 19:56:21.485 +03:00 [Information] Executing action method "ETT.Web.Controllers.HomeController.Index (ETT.Web)" with arguments (null) - ModelState is Valid
2018-04-13 19:56:21.496 +03:00 [Information] Executing ViewResult, running view at path "/Views/Home/Index.cshtml".
2018-04-13 19:56:21.597 +03:00 [Information] Executed action "ETT.Web.Controllers.HomeController.Index (ETT.Web)" in 147.0596ms
2018-04-13 19:56:21.632 +03:00 [Information] Request finished in 431.822ms 200 text/html; charset=utf-8
2018-04-13 19:56:23.809 +03:00 [Information] Request starting HTTP/1.1 GET http://localhost:63433/Home/SetLanguage?returnUrl=%2F&culture=en  
2018-04-13 19:56:23.824 +03:00 [Information] AuthenticationScheme: "Identity.Application" was successfully authenticated.
2018-04-13 19:56:23.877 +03:00 [Information] Executing action method "ETT.Web.Controllers.HomeController.SetLanguage (ETT.Web)" with arguments (["en", "/"]) - ModelState is Valid
2018-04-13 19:56:23.891 +03:00 [Information] Executing LocalRedirectResult, redirecting to "/".
2018-04-13 19:56:23.904 +03:00 [Information] Executed action "ETT.Web.Controllers.HomeController.SetLanguage (ETT.Web)" in 66.6694ms
2018-04-13 19:56:23.933 +03:00 [Information] Request finished in 161.1909ms 302 
2018-04-13 19:56:23.965 +03:00 [Information] Request starting HTTP/1.1 GET http://localhost:63433/  
2018-04-13 19:56:23.972 +03:00 [Information] AuthenticationScheme: "Identity.Application" was successfully authenticated.
2018-04-13 19:56:24.030 +03:00 [Information] Executing action method "ETT.Web.Controllers.HomeController.Index (ETT.Web)" with arguments (null) - ModelState is Valid
2018-04-13 19:56:24.040 +03:00 [Information] Executing ViewResult, running view at path "/Views/Home/Index.cshtml".
2018-04-13 19:56:24.133 +03:00 [Information] Executed action "ETT.Web.Controllers.HomeController.Index (ETT.Web)" in 69.6084ms
2018-04-13 19:56:24.228 +03:00 [Information] Request starting HTTP/1.1 GET http://localhost:63433/css/materialize.fix.css  
2018-04-13 19:56:24.251 +03:00 [Information] Request finished in 246.1412ms 200 text/html; charset=utf-8
2018-04-13 19:56:24.276 +03:00 [Information] The file "/css/materialize.fix.css" was not modified
2018-04-13 19:56:24.307 +03:00 [Information] Request starting HTTP/1.1 GET http://localhost:63433/css/site.css  
2018-04-13 19:56:24.359 +03:00 [Information] Request starting HTTP/1.1 GET http://localhost:63433/js/functions.js?v=dXQyEwEL4ksQUKc1QbgMspTYkqytGFQWgnFM0wZsftA  
2018-04-13 19:56:24.396 +03:00 [Information] The file "/css/site.css" was not modified
2018-04-13 19:56:24.484 +03:00 [Information] Request finished in 153.0252ms 304 text/css
2018-04-13 19:56:24.503 +03:00 [Information] The file "/js/functions.js" was not modified
2018-04-13 19:56:24.538 +03:00 [Information] Request finished in 274.8579ms 304 text/css
2018-04-13 19:56:24.565 +03:00 [Information] Request finished in 182.9385ms 304 application/javascript
2018-04-13 19:56:26.109 +03:00 [Information] Request starting HTTP/1.1 GET http://localhost:63433/Home/SetLanguage?returnUrl=%2F&culture=ru  
2018-04-13 19:56:26.123 +03:00 [Information] AuthenticationScheme: "Identity.Application" was successfully authenticated.
2018-04-13 19:56:26.302 +03:00 [Information] Executing action method "ETT.Web.Controllers.HomeController.SetLanguage (ETT.Web)" with arguments (["ru", "/"]) - ModelState is Valid
2018-04-13 19:56:26.318 +03:00 [Information] Executing LocalRedirectResult, redirecting to "/".
2018-04-13 19:56:26.330 +03:00 [Information] Executed action "ETT.Web.Controllers.HomeController.SetLanguage (ETT.Web)" in 194.8619ms
2018-04-13 19:56:26.374 +03:00 [Information] Request finished in 228.4738ms 302 
2018-04-13 19:56:26.388 +03:00 [Information] Request starting HTTP/1.1 GET http://localhost:63433/  
2018-04-13 19:56:26.401 +03:00 [Information] AuthenticationScheme: "Identity.Application" was successfully authenticated.
2018-04-13 19:56:26.460 +03:00 [Information] Executing action method "ETT.Web.Controllers.HomeController.Index (ETT.Web)" with arguments (null) - ModelState is Valid
2018-04-13 19:56:26.486 +03:00 [Information] Executing ViewResult, running view at path "/Views/Home/Index.cshtml".
2018-04-13 19:56:26.587 +03:00 [Information] Executed action "ETT.Web.Controllers.HomeController.Index (ETT.Web)" in 87.0839ms
2018-04-13 19:56:26.624 +03:00 [Information] Request finished in 213.6651ms 200 text/html; charset=utf-8
2018-04-13 19:56:35.011 +03:00 [Information] Request starting HTTP/1.1 GET http://localhost:63433/Account/LogOff  
2018-04-13 19:56:35.026 +03:00 [Information] AuthenticationScheme: "Identity.Application" was successfully authenticated.
2018-04-13 19:56:35.096 +03:00 [Information] Executing action method "ETT.Web.Controllers.AccountController.LogOff (ETT.Web)" with arguments (null) - ModelState is Valid
2018-04-13 19:56:35.121 +03:00 [Information] AuthenticationScheme: "Identity.Application" signed out.
2018-04-13 19:56:35.137 +03:00 [Information] AuthenticationScheme: "Identity.External" signed out.
2018-04-13 19:56:35.144 +03:00 [Information] AuthenticationScheme: "Identity.TwoFactorUserId" signed out.
2018-04-13 19:56:35.156 +03:00 [Information] Executing RedirectResult, redirecting to "/".
2018-04-13 19:56:35.171 +03:00 [Information] Executed action "ETT.Web.Controllers.AccountController.LogOff (ETT.Web)" in 113.7472ms
2018-04-13 19:56:35.253 +03:00 [Information] Request starting HTTP/1.1 GET http://localhost:63433/  
2018-04-13 19:56:35.300 +03:00 [Information] Request finished in 166.6011ms 302 
2018-04-13 19:56:35.328 +03:00 [Information] Executing action method "ETT.Web.Controllers.HomeController.Index (ETT.Web)" with arguments (null) - ModelState is Valid
2018-04-13 19:56:35.340 +03:00 [Information] Executing ViewResult, running view at path "/Views/Home/Index.cshtml".
2018-04-13 19:56:35.525 +03:00 [Information] Executed action "ETT.Web.Controllers.HomeController.Index (ETT.Web)" in 90.7384ms
2018-04-13 19:56:35.833 +03:00 [Information] Request finished in 323.8013ms 200 text/html; charset=utf-8
2018-04-13 19:56:37.269 +03:00 [Information] Request starting HTTP/1.1 GET http://localhost:63433/Home/SetLanguage?returnUrl=%2F&culture=ru  
2018-04-13 19:56:37.401 +03:00 [Information] Executing action method "ETT.Web.Controllers.HomeController.SetLanguage (ETT.Web)" with arguments (["ru", "/"]) - ModelState is Valid
2018-04-13 19:56:37.424 +03:00 [Information] Executing LocalRedirectResult, redirecting to "/".
2018-04-13 19:56:37.470 +03:00 [Information] Executed action "ETT.Web.Controllers.HomeController.SetLanguage (ETT.Web)" in 153.8065ms
2018-04-13 19:56:37.520 +03:00 [Information] Request finished in 220.5949ms 302 
2018-04-13 19:56:37.577 +03:00 [Information] Request starting HTTP/1.1 GET http://localhost:63433/  
2018-04-13 19:56:37.624 +03:00 [Information] Executing action method "ETT.Web.Controllers.HomeController.Index (ETT.Web)" with arguments (null) - ModelState is Valid
2018-04-13 19:56:37.635 +03:00 [Information] Executing ViewResult, running view at path "/Views/Home/Index.cshtml".
2018-04-13 19:56:37.737 +03:00 [Information] Executed action "ETT.Web.Controllers.HomeController.Index (ETT.Web)" in 58.2055ms
2018-04-13 19:56:37.823 +03:00 [Information] Request finished in 218.6303ms 200 text/html; charset=utf-8
2018-04-13 19:56:38.675 +03:00 [Information] Request starting HTTP/1.1 GET http://localhost:63433/Home/SetLanguage?returnUrl=%2F&culture=en  
2018-04-13 19:56:38.758 +03:00 [Information] Executing action method "ETT.Web.Controllers.HomeController.SetLanguage (ETT.Web)" with arguments (["en", "/"]) - ModelState is Valid
2018-04-13 19:56:38.769 +03:00 [Information] Executing LocalRedirectResult, redirecting to "/".
2018-04-13 19:56:38.793 +03:00 [Information] Executed action "ETT.Web.Controllers.HomeController.SetLanguage (ETT.Web)" in 94.2136ms
2018-04-13 19:56:38.823 +03:00 [Information] Request finished in 135.1845ms 302 
2018-04-13 19:56:38.839 +03:00 [Information] Request starting HTTP/1.1 GET http://localhost:63433/  
2018-04-13 19:56:38.895 +03:00 [Information] Executing action method "ETT.Web.Controllers.HomeController.Index (ETT.Web)" with arguments (null) - ModelState is Valid
2018-04-13 19:56:38.927 +03:00 [Information] Executing ViewResult, running view at path "/Views/Home/Index.cshtml".
2018-04-13 19:56:39.035 +03:00 [Information] Executed action "ETT.Web.Controllers.HomeController.Index (ETT.Web)" in 96.768ms
2018-04-13 19:56:39.075 +03:00 [Information] Request finished in 223.5188ms 200 text/html; charset=utf-8
2018-04-13 19:56:49.627 +03:00 [Information] Request starting HTTP/1.1 GET http://localhost:63433/Home/SetLanguage?returnUrl=%2F&culture=ru  
2018-04-13 19:56:49.675 +03:00 [Information] Executing action method "ETT.Web.Controllers.HomeController.SetLanguage (ETT.Web)" with arguments (["ru", "/"]) - ModelState is Valid
2018-04-13 19:56:49.690 +03:00 [Information] Executing LocalRedirectResult, redirecting to "/".
2018-04-13 19:56:49.699 +03:00 [Information] Executed action "ETT.Web.Controllers.HomeController.SetLanguage (ETT.Web)" in 63.0729ms
2018-04-13 19:56:49.714 +03:00 [Information] Request finished in 90.3852ms 302 
2018-04-13 19:56:49.730 +03:00 [Information] Request starting HTTP/1.1 GET http://localhost:63433/  
2018-04-13 19:56:49.818 +03:00 [Information] Executing action method "ETT.Web.Controllers.HomeController.Index (ETT.Web)" with arguments (null) - ModelState is Valid
2018-04-13 19:56:49.830 +03:00 [Information] Executing ViewResult, running view at path "/Views/Home/Index.cshtml".
2018-04-13 19:56:49.911 +03:00 [Information] Executed action "ETT.Web.Controllers.HomeController.Index (ETT.Web)" in 103.2004ms
2018-04-13 19:56:49.989 +03:00 [Information] Request finished in 193.4588ms 200 text/html; charset=utf-8
2018-04-13 19:56:51.381 +03:00 [Information] Request starting HTTP/1.1 GET http://localhost:63433/Account/Login  
2018-04-13 19:56:51.465 +03:00 [Information] Executing action method "ETT.Web.Controllers.AccountController.Login (ETT.Web)" with arguments ([""]) - ModelState is Valid
2018-04-13 19:56:51.480 +03:00 [Information] Executing ViewResult, running view at path "/Views/Account/Login.cshtml".
2018-04-13 19:56:51.584 +03:00 [Information] Executed action "ETT.Web.Controllers.AccountController.Login (ETT.Web)" in 106.6212ms
2018-04-13 19:56:51.664 +03:00 [Information] Request finished in 289.334ms 200 text/html; charset=utf-8
2018-04-13 19:56:52.847 +03:00 [Information] Request starting HTTP/1.1 POST http://localhost:63433/Account/Login application/x-www-form-urlencoded 224
2018-04-13 19:56:52.915 +03:00 [Information] Executing action method "ETT.Web.Controllers.AccountController.Login (ETT.Web)" with arguments (["ETT.Web.Models.Users.LoginViewModel"]) - ModelState is Valid
2018-04-13 19:56:52.955 +03:00 [Information] Entity Framework Core "2.0.2-rtm-10011" initialized '"ApplicationContext"' using provider '"Microsoft.EntityFrameworkCore.SqlServer"' with options: "None"
2018-04-13 19:56:53.039 +03:00 [Information] Executed DbCommand ("64"ms) [Parameters=["@__normalizedUserName_0='?' (Size = 256)"], CommandType='Text', CommandTimeout='30']"
""SELECT TOP(1) [u].[Id], [u].[About], [u].[AccessFailedCount], [u].[Company], [u].[ConcurrencyStamp], [u].[DateOfBirth], [u].[Email], [u].[EmailConfirmed], [u].[FirstName], [u].[LastName], [u].[LockoutEnabled], [u].[LockoutEnd], [u].[NickName], [u].[NormalizedEmail], [u].[NormalizedUserName], [u].[PasswordHash], [u].[PhoneNumber], [u].[PhoneNumberConfirmed], [u].[Position], [u].[SecurityStamp], [u].[TwoFactorEnabled], [u].[UserName]
FROM [AspNetUsers] AS [u]
WHERE [u].[NormalizedUserName] = @__normalizedUserName_0"
2018-04-13 19:56:53.194 +03:00 [Information] Executed DbCommand ("114"ms) [Parameters=["@__user_Id_0='?'"], CommandType='Text', CommandTimeout='30']"
""SELECT [uc].[Id], [uc].[ClaimType], [uc].[ClaimValue], [uc].[UserId]
FROM [AspNetUserClaims] AS [uc]
WHERE [uc].[UserId] = @__user_Id_0"
2018-04-13 19:56:53.279 +03:00 [Information] Executed DbCommand ("64"ms) [Parameters=["@__userId_0='?'"], CommandType='Text', CommandTimeout='30']"
""SELECT [role].[Name]
FROM [AspNetUserRoles] AS [userRole]
INNER JOIN [AspNetRoles] AS [role] ON [userRole].[RoleId] = [role].[Id]
WHERE [userRole].[UserId] = @__userId_0"
2018-04-13 19:56:53.394 +03:00 [Information] Executed DbCommand ("68"ms) [Parameters=["@__normalizedName_0='?' (Size = 256)"], CommandType='Text', CommandTimeout='30']"
""SELECT TOP(1) [r].[Id], [r].[ConcurrencyStamp], [r].[Name], [r].[NormalizedName]
FROM [AspNetRoles] AS [r]
WHERE [r].[NormalizedName] = @__normalizedName_0"
2018-04-13 19:56:53.493 +03:00 [Information] Executed DbCommand ("80"ms) [Parameters=["@__role_Id_0='?'"], CommandType='Text', CommandTimeout='30']"
""SELECT [rc].[ClaimType], [rc].[ClaimValue]
FROM [AspNetRoleClaims] AS [rc]
WHERE [rc].[RoleId] = @__role_Id_0"
2018-04-13 19:56:53.506 +03:00 [Information] AuthenticationScheme: "Identity.Application" signed in.
2018-04-13 19:56:53.519 +03:00 [Information] Executing RedirectResult, redirecting to "/".
2018-04-13 19:56:53.530 +03:00 [Information] Executed action "ETT.Web.Controllers.AccountController.Login (ETT.Web)" in 671.47ms
2018-04-13 19:56:53.580 +03:00 [Information] Request finished in 699.3107ms 302 
2018-04-13 19:56:53.626 +03:00 [Information] Request starting HTTP/1.1 GET http://localhost:63433/  
2018-04-13 19:56:53.636 +03:00 [Information] AuthenticationScheme: "Identity.Application" was successfully authenticated.
2018-04-13 19:56:53.680 +03:00 [Information] Executing action method "ETT.Web.Controllers.HomeController.Index (ETT.Web)" with arguments (null) - ModelState is Valid
2018-04-13 19:56:53.697 +03:00 [Information] Executing ViewResult, running view at path "/Views/Home/Index.cshtml".
2018-04-13 19:56:53.739 +03:00 [Information] Executed action "ETT.Web.Controllers.HomeController.Index (ETT.Web)" in 63.0705ms
2018-04-13 19:56:53.835 +03:00 [Information] Request finished in 160.0981ms 200 text/html; charset=utf-8
2018-04-13 19:56:54.811 +03:00 [Information] Request starting HTTP/1.1 GET http://localhost:63433/Record/Create  
2018-04-13 19:56:54.825 +03:00 [Information] AuthenticationScheme: "Identity.Application" was successfully authenticated.
2018-04-13 19:56:54.878 +03:00 [Information] Executing action method "ETT.Web.Controllers.RecordController.Create (ETT.Web)" with arguments (null) - ModelState is Valid
2018-04-13 19:56:56.851 +03:00 [Information] Executing ViewResult, running view at path "/Views/Record/Create.cshtml".
2018-04-13 19:56:57.349 +03:00 [Information] Executed action "ETT.Web.Controllers.RecordController.Create (ETT.Web)" in 2307.6517ms
2018-04-13 19:56:57.508 +03:00 [Information] Request finished in 2595.3839ms 200 text/html; charset=utf-8
2018-04-13 19:56:57.544 +03:00 [Information] Request starting HTTP/1.1 GET http://localhost:63433/lib/jquery-validation/dist/jquery.validate.js  
2018-04-13 19:56:57.589 +03:00 [Information] Request starting HTTP/1.1 GET http://localhost:63433/lib/jquery-validation-unobtrusive/jquery.validate.unobtrusive.js  
2018-04-13 19:56:57.607 +03:00 [Information] The file "/lib/jquery-validation-unobtrusive/jquery.validate.unobtrusive.js" was not modified
2018-04-13 19:56:57.635 +03:00 [Information] The file "/lib/jquery-validation/dist/jquery.validate.js" was not modified
2018-04-13 19:56:57.670 +03:00 [Information] Request finished in 121.7608ms 304 application/javascript
2018-04-13 19:56:57.753 +03:00 [Information] Request finished in 274.9497ms 304 application/javascript
2018-04-13 19:56:57.974 +03:00 [Information] Request starting HTTP/1.1 GET http://localhost:63433/lib/materialize/dist/fonts/roboto/Roboto-Regular.woff2  
2018-04-13 19:56:58.033 +03:00 [Information] AuthenticationScheme: "Identity.Application" was successfully authenticated.
2018-04-13 19:56:58.122 +03:00 [Information] Request finished in 90.4619ms 404 
2018-04-13 19:56:58.156 +03:00 [Information] Request starting HTTP/1.1 GET http://localhost:63433/lib/materialize/dist/fonts/roboto/Roboto-Regular.woff  
2018-04-13 19:56:58.171 +03:00 [Information] AuthenticationScheme: "Identity.Application" was successfully authenticated.
2018-04-13 19:56:58.247 +03:00 [Information] Request finished in 62.7855ms 404 
2018-04-13 19:57:01.332 +03:00 [Information] Request starting HTTP/1.1 GET http://localhost:63433/Home/SetLanguage?returnUrl=%2FRecord%2FCreate&culture=en  
2018-04-13 19:57:01.347 +03:00 [Information] AuthenticationScheme: "Identity.Application" was successfully authenticated.
2018-04-13 19:57:01.391 +03:00 [Information] Executing action method "ETT.Web.Controllers.HomeController.SetLanguage (ETT.Web)" with arguments (["en", "/Record/Create"]) - ModelState is Valid
2018-04-13 19:57:01.399 +03:00 [Information] Executing LocalRedirectResult, redirecting to "/Record/Create".
2018-04-13 19:57:01.410 +03:00 [Information] Executed action "ETT.Web.Controllers.HomeController.SetLanguage (ETT.Web)" in 52.3425ms
2018-04-13 19:57:01.537 +03:00 [Information] Request finished in 89.005ms 302 
2018-04-13 19:57:01.550 +03:00 [Information] Request starting HTTP/1.1 GET http://localhost:63433/Record/Create  
2018-04-13 19:57:01.560 +03:00 [Information] AuthenticationScheme: "Identity.Application" was successfully authenticated.
2018-04-13 19:57:01.606 +03:00 [Information] Executing action method "ETT.Web.Controllers.RecordController.Create (ETT.Web)" with arguments (null) - ModelState is Valid
2018-04-13 19:57:01.726 +03:00 [Information] Executing ViewResult, running view at path "/Views/Record/Create.cshtml".
2018-04-13 19:57:02.145 +03:00 [Information] Executed action "ETT.Web.Controllers.RecordController.Create (ETT.Web)" in 262.7624ms
2018-04-13 19:57:02.255 +03:00 [Information] Request finished in 697.5507ms 200 text/html; charset=utf-8
2018-04-13 19:57:02.443 +03:00 [Information] Request starting HTTP/1.1 GET http://localhost:63433/lib/materialize/dist/fonts/roboto/Roboto-Regular.woff2  
2018-04-13 19:57:02.459 +03:00 [Information] AuthenticationScheme: "Identity.Application" was successfully authenticated.
2018-04-13 19:57:02.514 +03:00 [Information] Request finished in 130.8478ms 404 
2018-04-13 19:57:02.548 +03:00 [Information] Request starting HTTP/1.1 GET http://localhost:63433/lib/materialize/dist/fonts/roboto/Roboto-Regular.woff  
2018-04-13 19:57:02.570 +03:00 [Information] AuthenticationScheme: "Identity.Application" was successfully authenticated.
2018-04-13 19:57:02.632 +03:00 [Information] Request finished in 57.7913ms 404 
2018-04-13 19:57:07.256 +03:00 [Information] Request starting HTTP/1.1 GET http://localhost:63433/Project/List  
2018-04-13 19:57:07.277 +03:00 [Information] AuthenticationScheme: "Identity.Application" was successfully authenticated.
2018-04-13 19:57:07.325 +03:00 [Information] Executing action method "ETT.Web.Controllers.Projects.ProjectController.List (ETT.Web)" with arguments (null) - ModelState is Valid
2018-04-13 19:57:07.926 +03:00 [Information] Executing ViewResult, running view at path "/Views/Project/List.cshtml".
2018-04-13 19:57:08.020 +03:00 [Information] Executed action "ETT.Web.Controllers.Projects.ProjectController.List (ETT.Web)" in 730.682ms
2018-04-13 19:57:08.132 +03:00 [Information] Request finished in 779.3942ms 200 text/html; charset=utf-8
2018-04-13 19:58:23.927 +03:00 [Information] Request starting HTTP/1.1 GET http://localhost:63433/Record/UserList  
2018-04-13 19:58:23.937 +03:00 [Information] AuthenticationScheme: "Identity.Application" was successfully authenticated.
2018-04-13 19:58:24.020 +03:00 [Information] Executing action method "ETT.Web.Controllers.RecordController.UserList (ETT.Web)" with arguments (["IdAsc", "0"]) - ModelState is Valid
2018-04-13 19:58:24.799 +03:00 [Information] Executing ViewResult, running view at path "/Views/Record/List.cshtml".
2018-04-13 19:58:25.259 +03:00 [Information] Executed action "ETT.Web.Controllers.RecordController.UserList (ETT.Web)" in 1166.6084ms
2018-04-13 19:58:25.304 +03:00 [Information] Request starting HTTP/1.1 GET http://localhost:63433/js/functions.js?v=dXQyEwEL4ksQUKc1QbgMspTYkqytGFQWgnFM0wZsftA  
2018-04-13 19:58:25.336 +03:00 [Information] Request finished in 1355.192ms 200 text/html; charset=utf-8
2018-04-13 19:58:25.360 +03:00 [Information] Request starting HTTP/1.1 GET http://localhost:63433/css/materialize.fix.css  
2018-04-13 19:58:25.366 +03:00 [Information] Request starting HTTP/1.1 GET http://localhost:63433/css/site.css  
2018-04-13 19:58:25.387 +03:00 [Information] The file "/css/site.css" was not modified
2018-04-13 19:58:25.460 +03:00 [Information] The file "/js/functions.js" was not modified
2018-04-13 19:58:25.522 +03:00 [Information] The file "/css/materialize.fix.css" was not modified
2018-04-13 19:58:25.581 +03:00 [Information] Request finished in 208.7029ms 304 application/javascript
2018-04-13 19:58:25.596 +03:00 [Information] Request finished in 139.3576ms 304 text/css
2018-04-13 19:58:25.616 +03:00 [Information] Request finished in 271.4377ms 304 text/css
2018-04-13 19:58:27.507 +03:00 [Information] Request starting HTTP/1.1 GET http://localhost:63433/Project/List  
2018-04-13 19:58:27.517 +03:00 [Information] AuthenticationScheme: "Identity.Application" was successfully authenticated.
2018-04-13 19:58:27.558 +03:00 [Information] Executing action method "ETT.Web.Controllers.Projects.ProjectController.List (ETT.Web)" with arguments (null) - ModelState is Valid
2018-04-13 19:58:27.565 +03:00 [Information] Executing ViewResult, running view at path "/Views/Project/List.cshtml".
2018-04-13 19:58:27.643 +03:00 [Information] Executed action "ETT.Web.Controllers.Projects.ProjectController.List (ETT.Web)" in 91.6784ms
2018-04-13 19:58:27.725 +03:00 [Information] Request finished in 172.0825ms 200 text/html; charset=utf-8
2018-04-13 20:05:43.413 +03:00 [Information] Request starting HTTP/1.1 GET http://localhost:63433/Home/SetLanguage?returnUrl=%2FProject%2FList&culture=ru  
2018-04-13 20:05:43.488 +03:00 [Information] AuthenticationScheme: "Identity.Application" was successfully authenticated.
2018-04-13 20:05:43.537 +03:00 [Information] Executing action method "ETT.Web.Controllers.HomeController.SetLanguage (ETT.Web)" with arguments (["ru", "/Project/List"]) - ModelState is Valid
2018-04-13 20:05:43.547 +03:00 [Information] Executing LocalRedirectResult, redirecting to "/Project/List".
2018-04-13 20:05:43.558 +03:00 [Information] Executed action "ETT.Web.Controllers.HomeController.SetLanguage (ETT.Web)" in 58.5737ms
2018-04-13 20:05:43.576 +03:00 [Information] Request finished in 174.0272ms 302 
2018-04-13 20:05:43.598 +03:00 [Information] Request starting HTTP/1.1 GET http://localhost:63433/Project/List  
2018-04-13 20:05:43.615 +03:00 [Information] AuthenticationScheme: "Identity.Application" was successfully authenticated.
2018-04-13 20:05:43.689 +03:00 [Information] Executing action method "ETT.Web.Controllers.Projects.ProjectController.List (ETT.Web)" with arguments (null) - ModelState is Valid
2018-04-13 20:05:43.733 +03:00 [Information] Executing ViewResult, running view at path "/Views/Project/List.cshtml".
2018-04-13 20:05:44.295 +03:00 [Information] Executed action "ETT.Web.Controllers.Projects.ProjectController.List (ETT.Web)" in 479.3062ms
2018-04-13 20:05:44.330 +03:00 [Information] Request starting HTTP/1.1 GET http://localhost:63433/css/materialize.fix.css  
2018-04-13 20:05:44.352 +03:00 [Information] Request starting HTTP/1.1 GET http://localhost:63433/css/site.css  
2018-04-13 20:05:44.379 +03:00 [Information] Request starting HTTP/1.1 GET http://localhost:63433/js/functions.js?v=dXQyEwEL4ksQUKc1QbgMspTYkqytGFQWgnFM0wZsftA  
2018-04-13 20:05:44.391 +03:00 [Information] The file "/css/materialize.fix.css" was not modified
2018-04-13 20:05:44.421 +03:00 [Information] The file "/css/site.css" was not modified
2018-04-13 20:05:44.492 +03:00 [Information] Request finished in 715.6783ms 200 text/html; charset=utf-8
2018-04-13 20:05:44.552 +03:00 [Information] Request finished in 144.1544ms 304 text/css
2018-04-13 20:05:44.644 +03:00 [Information] The file "/js/functions.js" was not modified
2018-04-13 20:05:45.037 +03:00 [Information] Request finished in 224.0604ms 304 text/css
2018-04-13 20:05:45.049 +03:00 [Information] Request finished in 404.7174ms 304 application/javascript
